2026-03-02 21:34:57 [INFO] Check: Lokal=03.01.2026 10:48:30 | NAS=03.01.2026 10:48:30
2026-03-02 21:34:57 [INFO] Check Backups
2026-03-02 21:34:57 [INFO] Backups: Keine Änderungen erkannt
2026-03-02 21:34:57 [INFO] Check End
2026-03-02 21:35:02 [INFO] Check: Lokal=03.01.2026 10:48:30 | NAS=03.01.2026 10:48:30
2026-03-02 21:35:02 [INFO] Check Backups
2026-03-02 21:35:02 [INFO] Backups: Keine Änderungen erkannt
2026-03-02 21:35:02 [INFO] Check End
2026-03-02 21:35:07 [INFO] Check: Lokal=03.01.2026 10:48:30 | NAS=03.01.2026 10:48:30
2026-03-02 21:35:07 [INFO] Check Backups
2026-03-02 21:35:07 [INFO] Backups: Keine Änderungen erkannt
2026-03-02 21:35:07 [INFO] Check End
2026-03-02 21:35:12 [INFO] Check: Lokal=03.01.2026 10:48:30 | NAS=03.01.2026 10:48:30
2026-03-02 21:35:12 [INFO] Check Backups
2026-03-02 21:35:12 [INFO] Backups: Änderungen erkannt (Dry-Run)
2026-03-02 21:35:12 [INFO] Backup-Sync startet
2026-03-02 21:35:28 [INFO] rclone: Elapsed time:         0.1s
2026-03-02 21:35:28 [INFO] rclone: Elapsed time:         0.1s
2026-03-02 21:35:28 [INFO] rclone: Elapsed time:         0.1s
2026-03-02 21:35:28 [INFO] rclone: Elapsed time:         0.1s
2026-03-02 21:35:28 [INFO] rclone: Elapsed time:         0.1s
2026-03-02 21:35:28 [INFO] rclone: Elapsed time:         0.1s
2026-03-02 21:35:28 [INFO] rclone: Elapsed time:         0.1s
2026-03-02 21:35:28 [INFO] rclone: Elapsed time:         0.1s
2026-03-02 21:35:28 [INFO] rclone: Elapsed time:         0.1s
2026-03-02 21:35:28 [INFO] rclone: Elapsed time:         0.1s
2026-03-02 21:35:28 [INFO] rclone: Elapsed time:         0.1s
2026-03-02 21:35:28 [INFO] rclone: Elapsed time:         0.6s
2026-03-02 21:35:28 [INFO] rclone: Elapsed time:         0.1s
2026-03-02 21:35:28 [INFO] rclone: Elapsed time:         0.1s
2026-03-02 21:35:28 [INFO] rclone: Elapsed time:         1.0s
2026-03-02 21:35:28 [INFO] rclone: Elapsed time:         0.1s
2026-03-02 21:35:28 [INFO] rclone: Elapsed time:         0.1s
2026-03-02 21:35:28 [INFO] rclone: Elapsed time:         0.1s
2026-03-02 21:35:28 [INFO] rclone: Elapsed time:         0.1s
2026-03-02 21:35:28 [INFO] rclone: Elapsed time:         0.1s
2026-03-02 21:35:28 [INFO] rclone: Elapsed time:         0.1s
2026-03-02 21:35:28 [INFO] rclone: Elapsed time:         0.1s
2026-03-02 21:35:28 [INFO] rclone: Transferred:   	    2.250 GiB / 2.250 GiB, 100%, 0 B/s, ETA -
2026-03-02 21:35:28 [INFO] rclone: Deleted:                1 (files), 0 (dirs), 2.250 GiB (freed)
2026-03-02 21:35:28 [INFO] rclone: Transferred:            1 / 1, 100%
2026-03-02 21:35:28 [INFO] rclone: Elapsed time:         0.1s
2026-03-02 21:35:28 [INFO] rclone: 2026/03/02 21:35:28 INFO  : Backups/Lightrmönlj-v15.zip: Multi-thread Copied (new)
2026-03-02 21:35:28 [INFO] rclone: 2026/03/02 21:35:28 INFO  : Backups/Lightr-v15.zip: Deleted
2026-03-02 21:35:28 [INFO] rclone: Transferred:   	    2.250 GiB / 2.250 GiB, 100%, 136.267 MiB/s, ETA 0s
2026-03-02 21:35:28 [INFO] rclone: Deleted:                1 (files), 0 (dirs), 2.250 GiB (freed)
2026-03-02 21:35:28 [INFO] rclone: Transferred:            1 / 1, 100%
2026-03-02 21:35:28 [INFO] rclone: Elapsed time:        15.7s
2026-03-02 21:35:28 [INFO] Check End
2026-03-02 21:35:30 [INFO] Check: Lokal=03.01.2026 10:48:30 | NAS=03.01.2026 10:48:30
2026-03-02 21:35:30 [INFO] Check Backups
2026-03-02 21:35:30 [INFO] Backups: Keine Änderungen erkannt
2026-03-02 21:35:30 [INFO] Check End
2026-03-02 21:35:31 [INFO] Check: Lokal=03.01.2026 10:48:30 | NAS=03.01.2026 10:48:30
2026-03-02 21:35:31 [INFO] Check Backups
2026-03-02 21:35:31 [INFO] Backups: Keine Änderungen erkannt
2026-03-02 21:35:31 [INFO] Check End
2026-03-02 21:35:32 [INFO] Check: Lokal=03.01.2026 10:48:30 | NAS=03.01.2026 10:48:30
2026-03-02 21:35:32 [INFO] Check Backups
2026-03-02 21:35:32 [INFO] Backups: Keine Änderungen erkannt
2026-03-02 21:35:32 [INFO] Check End
2026-03-02 21:35:33 [INFO] Check: Lokal=03.01.2026 10:48:30 | NAS=03.01.2026 10:48:30
2026-03-02 21:35:33 [INFO] Check Backups
2026-03-02 21:35:34 [INFO] Backups: Keine Änderungen erkannt
2026-03-02 21:35:34 [INFO] Check End
2026-03-02 21:35:37 [INFO] Check: Lokal=03.01.2026 10:48:30 | NAS=03.01.2026 10:48:30
2026-03-02 21:35:37 [INFO] Check Backups
2026-03-02 21:35:37 [INFO] Backups: Keine Änderungen erkannt
2026-03-02 21:35:37 [INFO] Check End
2026-03-02 21:35:42 [INFO] Check: Lokal=03.01.2026 10:48:30 | NAS=03.01.2026 10:48:30
2026-03-02 21:35:42 [INFO] Check Backups
2026-03-02 21:35:42 [INFO] Backups: Keine Änderungen erkannt
2026-03-02 21:35:42 [INFO] Check End
2026-03-02 21:35:48 [INFO] Check: Lokal=03.01.2026 10:48:30 | NAS=03.01.2026 10:48:30
2026-03-02 21:35:48 [INFO] Check Backups
2026-03-02 21:35:48 [INFO] Backups: Änderungen erkannt (Dry-Run)
2026-03-02 21:35:48 [INFO] Backup-Sync startet
2026-03-02 21:35:57 [INFO] rclone: Elapsed time:         0.1s
2026-03-02 21:35:57 [INFO] rclone: Elapsed time:         0.1s
2026-03-02 21:35:57 [INFO] rclone: Elapsed time:         0.1s
2026-03-02 21:35:57 [INFO] rclone: Elapsed time:         0.1s
2026-03-02 21:35:57 [INFO] rclone: Elapsed time:         0.1s
2026-03-02 21:35:57 [INFO] rclone: Elapsed time:         0.1s
2026-03-02 21:35:57 [INFO] rclone: Transferred:   	    2.250 GiB / 2.250 GiB, 100%, 0 B/s, ETA -
2026-03-02 21:35:57 [INFO] rclone: Deleted:                1 (files), 0 (dirs), 2.250 GiB (freed)
2026-03-02 21:35:57 [INFO] rclone: Transferred:            1 / 1, 100%
2026-03-02 21:35:57 [INFO] rclone: Elapsed time:         0.2s
2026-03-02 21:35:57 [INFO] rclone: 2026/03/02 21:35:57 INFO  : Backups/fgh.zip: Multi-thread Copied (new)
2026-03-02 21:35:57 [INFO] rclone: 2026/03/02 21:35:57 INFO  : Backups/Lightrmönlj-v15.zip: Deleted
2026-03-02 21:35:57 [INFO] rclone: Transferred:   	    2.250 GiB / 2.250 GiB, 100%, 287.948 MiB/s, ETA 0s
2026-03-02 21:35:57 [INFO] rclone: Deleted:                1 (files), 0 (dirs), 2.250 GiB (freed)
2026-03-02 21:35:57 [INFO] rclone: Transferred:            1 / 1, 100%
2026-03-02 21:35:57 [INFO] rclone: Elapsed time:         8.1s
2026-03-02 21:35:57 [INFO] Check End
2026-03-02 21:35:57 [INFO] Check: Lokal=03.01.2026 10:48:30 | NAS=03.01.2026 10:48:30
2026-03-02 21:35:57 [INFO] Check Backups
2026-03-02 21:35:58 [INFO] Backups: Keine Änderungen erkannt
2026-03-02 21:35:58 [INFO] Check End
2026-03-02 21:35:59 [INFO] Check: Lokal=03.01.2026 10:48:30 | NAS=03.01.2026 10:48:30
2026-03-02 21:35:59 [INFO] Check Backups
2026-03-02 21:35:59 [INFO] Backups: Keine Änderungen erkannt
2026-03-02 21:35:59 [INFO] Check End
2026-03-02 21:36:03 [INFO] Check: Lokal=03.01.2026 10:48:30 | NAS=03.01.2026 10:48:30
2026-03-02 21:36:03 [INFO] Check Backups
2026-03-02 21:36:03 [INFO] Backups: Keine Änderungen erkannt
2026-03-02 21:36:03 [INFO] Check End
2026-03-02 21:36:07 [INFO] Check: Lokal=03.01.2026 10:48:30 | NAS=03.01.2026 10:48:30
2026-03-02 21:36:07 [INFO] Check Backups
2026-03-02 21:36:07 [INFO] Backups: Keine Änderungen erkannt
2026-03-02 21:36:07 [INFO] Check End
2026-03-02 21:36:12 [INFO] Check: Lokal=03.01.2026 10:48:30 | NAS=03.01.2026 10:48:30
2026-03-02 21:36:12 [INFO] Check Backups
2026-03-02 21:36:12 [INFO] Backups: Keine Änderungen erkannt
2026-03-02 21:36:12 [INFO] Check End
2026-03-02 21:36:17 [INFO] Check: Lokal=03.01.2026 10:48:30 | NAS=03.01.2026 10:48:30
2026-03-02 21:36:17 [INFO] Check Backups
2026-03-02 21:36:17 [INFO] Backups: Keine Änderungen erkannt
2026-03-02 21:36:17 [INFO] Check End
2026-03-02 21:36:22 [INFO] Check: Lokal=03.01.2026 10:48:30 | NAS=03.01.2026 10:48:30
2026-03-02 21:36:22 [INFO] Check Backups
2026-03-02 21:36:22 [INFO] Backups: Keine Änderungen erkannt
2026-03-02 21:36:22 [INFO] Check End
2026-03-02 21:36:27 [INFO] Check: Lokal=03.01.2026 10:48:30 | NAS=03.01.2026 10:48:30
2026-03-02 21:36:27 [INFO] Check Backups
2026-03-02 21:36:27 [INFO] Backups: Keine Änderungen erkannt
2026-03-02 21:36:27 [INFO] Check End
2026-03-02 21:36:32 [INFO] Check: Lokal=03.01.2026 10:48:30 | NAS=03.01.2026 10:48:30
2026-03-02 21:36:32 [INFO] Check Backups
2026-03-02 21:36:32 [INFO] Backups: Keine Änderungen erkannt
2026-03-02 21:36:32 [INFO] Check End
2026-03-02 21:36:37 [INFO] Check: Lokal=03.01.2026 10:48:30 | NAS=03.01.2026 10:48:30
2026-03-02 21:36:37 [INFO] Check Backups
2026-03-02 21:36:37 [INFO] Backups: Keine Änderungen erkannt
2026-03-02 21:36:37 [INFO] Check End
2026-03-02 21:36:42 [INFO] Check: Lokal=03.01.2026 10:48:30 | NAS=03.01.2026 10:48:30
2026-03-02 21:36:42 [INFO] Check Backups
2026-03-02 21:36:42 [INFO] Backups: Keine Änderungen erkannt
2026-03-02 21:36:42 [INFO] Check End
2026-03-02 21:36:47 [INFO] Check: Lokal=03.01.2026 10:48:30 | NAS=03.01.2026 10:48:30
2026-03-02 21:36:47 [INFO] Check Backups
2026-03-02 21:36:47 [INFO] Backups: Keine Änderungen erkannt
2026-03-02 21:36:47 [INFO] Check End
2026-03-02 21:36:52 [INFO] Check: Lokal=03.01.2026 10:48:30 | NAS=03.01.2026 10:48:30
2026-03-02 21:36:52 [INFO] Check Backups
2026-03-02 21:36:52 [INFO] Backups: Keine Änderungen erkannt
2026-03-02 21:36:52 [INFO] Check End
2026-03-02 21:36:57 [INFO] Check: Lokal=03.01.2026 10:48:30 | NAS=03.01.2026 10:48:30
2026-03-02 21:36:57 [INFO] Check Backups
2026-03-02 21:36:57 [INFO] Backups: Keine Änderungen erkannt
2026-03-02 21:36:57 [INFO] Check End
2026-03-02 21:37:02 [INFO] Check: Lokal=03.01.2026 10:48:30 | NAS=03.01.2026 10:48:30
2026-03-02 21:37:02 [INFO] Check Backups
2026-03-02 21:37:02 [INFO] Backups: Keine Änderungen erkannt
2026-03-02 21:37:02 [INFO] Check End
2026-03-02 21:37:07 [INFO] Check: Lokal=03.01.2026 10:48:30 | NAS=03.01.2026 10:48:30
2026-03-02 21:37:07 [INFO] Check Backups
2026-03-02 21:37:07 [INFO] Backups: Keine Änderungen erkannt
2026-03-02 21:37:07 [INFO] Check End
2026-03-02 21:37:12 [INFO] Check: Lokal=03.01.2026 10:48:30 | NAS=03.01.2026 10:48:30
2026-03-02 21:37:12 [INFO] Check Backups
2026-03-02 21:37:12 [INFO] Backups: Keine Änderungen erkannt
2026-03-02 21:37:12 [INFO] Check End
2026-03-02 21:37:17 [INFO] Check: Lokal=03.01.2026 10:48:30 | NAS=03.01.2026 10:48:30
2026-03-02 21:37:17 [INFO] Check Backups
2026-03-02 21:37:17 [INFO] Backups: Keine Änderungen erkannt
2026-03-02 21:37:17 [INFO] Check End
2026-03-02 21:37:22 [INFO] Check: Lokal=03.01.2026 10:48:30 | NAS=03.01.2026 10:48:30
2026-03-02 21:37:22 [INFO] Check Backups
2026-03-02 21:37:22 [INFO] Backups: Keine Änderungen erkannt
2026-03-02 21:37:22 [INFO] Check End
2026-03-02 21:37:27 [INFO] Check: Lokal=03.01.2026 10:48:30 | NAS=03.01.2026 10:48:30
2026-03-02 21:37:27 [INFO] Check Backups
2026-03-02 21:37:27 [INFO] Backups: Keine Änderungen erkannt
2026-03-02 21:37:27 [INFO] Check End
2026-03-02 21:37:33 [INFO] Check: Lokal=03.01.2026 10:48:30 | NAS=03.01.2026 10:48:30
2026-03-02 21:37:33 [INFO] Check Backups
2026-03-02 21:37:33 [INFO] Backups: Keine Änderungen erkannt
2026-03-02 21:37:33 [INFO] Check End
2026-03-02 21:37:37 [INFO] Check: Lokal=03.01.2026 10:48:30 | NAS=03.01.2026 10:48:30
2026-03-02 21:37:37 [INFO] Check Backups
2026-03-02 21:37:37 [INFO] Backups: Keine Änderungen erkannt
2026-03-02 21:37:37 [INFO] Check End
2026-03-02 21:37:42 [INFO] Check: Lokal=03.01.2026 10:48:30 | NAS=03.01.2026 10:48:30
2026-03-02 21:37:42 [INFO] Check Backups
2026-03-02 21:37:42 [INFO] Backups: Keine Änderungen erkannt
2026-03-02 21:37:42 [INFO] Check End
2026-03-02 21:37:47 [INFO] Check: Lokal=03.01.2026 10:48:30 | NAS=03.01.2026 10:48:30
2026-03-02 21:37:47 [INFO] Check Backups
2026-03-02 21:37:47 [INFO] Backups: Keine Änderungen erkannt
2026-03-02 21:37:47 [INFO] Check End
2026-03-02 21:37:52 [INFO] Check: Lokal=03.01.2026 10:48:30 | NAS=03.01.2026 10:48:30
2026-03-02 21:37:52 [INFO] Check Backups
2026-03-02 21:37:52 [INFO] Backups: Keine Änderungen erkannt
2026-03-02 21:37:52 [INFO] Check End
2026-03-02 21:37:57 [INFO] Check: Lokal=03.01.2026 10:48:30 | NAS=03.01.2026 10:48:30
2026-03-02 21:37:57 [INFO] Check Backups
2026-03-02 21:37:57 [INFO] Backups: Keine Änderungen erkannt
2026-03-02 21:37:57 [INFO] Check End
2026-03-02 21:38:03 [INFO] Check: Lokal=03.01.2026 10:48:30 | NAS=03.01.2026 10:48:30
2026-03-02 21:38:03 [INFO] Check Backups
2026-03-02 21:38:03 [INFO] Backups: Keine Änderungen erkannt
2026-03-02 21:38:03 [INFO] Check End
2026-03-02 21:38:07 [INFO] Check: Lokal=03.01.2026 10:48:30 | NAS=03.01.2026 10:48:30
2026-03-02 21:38:07 [INFO] Check Backups
2026-03-02 21:38:07 [INFO] Backups: Keine Änderungen erkannt
2026-03-02 21:38:07 [INFO] Check End
2026-03-02 21:38:12 [INFO] Check: Lokal=03.01.2026 10:48:30 | NAS=03.01.2026 10:48:30
2026-03-02 21:38:12 [INFO] Check Backups
2026-03-02 21:38:12 [INFO] Backups: Keine Änderungen erkannt
2026-03-02 21:38:12 [INFO] Check End
2026-03-02 21:38:17 [INFO] Check: Lokal=03.01.2026 10:48:30 | NAS=03.01.2026 10:48:30
2026-03-02 21:38:17 [INFO] Check Backups
2026-03-02 21:38:17 [INFO] Backups: Keine Änderungen erkannt
2026-03-02 21:38:17 [INFO] Check End
2026-03-02 21:38:22 [INFO] Check: Lokal=03.01.2026 10:48:30 | NAS=03.01.2026 10:48:30
2026-03-02 21:38:22 [INFO] Check Backups
2026-03-02 21:38:22 [INFO] Backups: Keine Änderungen erkannt
2026-03-02 21:38:22 [INFO] Check End
2026-03-02 21:38:27 [INFO] Check: Lokal=03.01.2026 10:48:30 | NAS=03.01.2026 10:48:30
2026-03-02 21:38:27 [INFO] Check Backups
2026-03-02 21:38:27 [INFO] Backups: Keine Änderungen erkannt
2026-03-02 21:38:27 [INFO] Check End
2026-03-02 21:38:32 [INFO] Check: Lokal=03.01.2026 10:48:30 | NAS=03.01.2026 10:48:30
2026-03-02 21:38:32 [INFO] Check Backups
2026-03-02 21:38:32 [INFO] Backups: Keine Änderungen erkannt
2026-03-02 21:38:32 [INFO] Check End
2026-03-02 21:38:37 [INFO] Check: Lokal=03.01.2026 10:48:30 | NAS=03.01.2026 10:48:30
2026-03-02 21:38:37 [INFO] Check Backups
2026-03-02 21:38:37 [INFO] Backups: Keine Änderungen erkannt
2026-03-02 21:38:37 [INFO] Check End
2026-03-02 21:38:42 [INFO] Check: Lokal=03.01.2026 10:48:30 | NAS=03.01.2026 10:48:30
2026-03-02 21:38:42 [INFO] Check Backups
2026-03-02 21:38:42 [INFO] Backups: Keine Änderungen erkannt
2026-03-02 21:38:42 [INFO] Check End
2026-03-02 21:38:47 [INFO] Check: Lokal=03.01.2026 10:48:30 | NAS=03.01.2026 10:48:30
2026-03-02 21:38:47 [INFO] Check Backups
2026-03-02 21:38:47 [INFO] Backups: Keine Änderungen erkannt
2026-03-02 21:38:47 [INFO] Check End
2026-03-02 21:41:16 [INFO] === Lightroom Watcher gestartet ===
2026-03-02 21:41:18 [DEBUG] Check: Lokal=03.01.2026 10:48:30 | NAS=03.01.2026 10:48:30
2026-03-02 21:41:18 [INFO] Check Backups
2026-03-02 21:41:18 [INFO] Backups: Keine Änderungen erkannt
2026-03-02 21:41:18 [INFO] Check End
2026-03-02 21:41:22 [DEBUG] Check: Lokal=03.01.2026 10:48:30 | NAS=03.01.2026 10:48:30
2026-03-02 21:41:22 [INFO] Check Backups
2026-03-02 21:41:23 [INFO] Backups: Keine Änderungen erkannt
2026-03-02 21:41:23 [INFO] Check End
2026-03-02 21:41:27 [DEBUG] Check: Lokal=03.01.2026 10:48:30 | NAS=03.01.2026 10:48:30
2026-03-02 21:41:27 [INFO] Check Backups
2026-03-02 21:41:28 [INFO] Backups: Keine Änderungen erkannt
2026-03-02 21:41:28 [INFO] Check End
2026-03-02 21:44:39 [INFO] === Lightroom Watcher gestartet ===
2026-03-02 21:44:41 [DEBUG] Check: Lokal=03.01.2026 10:48:30 | NAS=03.01.2026 10:48:30
2026-03-02 21:44:41 [DEBUG] Check Backups Start
2026-03-02 21:44:41 [INFO] Backups: Keine Änderungen erkannt
2026-03-02 21:44:41 [INFO] Sync End
2026-03-02 21:44:45 [DEBUG] Check: Lokal=03.01.2026 10:48:30 | NAS=03.01.2026 10:48:30
2026-03-02 21:44:45 [DEBUG] Check Backups Start
2026-03-02 21:44:45 [INFO] Backups: Keine Änderungen erkannt
2026-03-02 21:44:45 [INFO] Sync End
2026-03-02 21:44:50 [DEBUG] Check: Lokal=03.01.2026 10:48:30 | NAS=03.01.2026 10:48:30
2026-03-02 21:44:50 [DEBUG] Check Backups Start
2026-03-02 21:44:50 [INFO] Backups: Keine Änderungen erkannt
2026-03-02 21:44:50 [INFO] Sync End
2026-03-02 21:44:56 [DEBUG] Check: Lokal=03.01.2026 10:48:30 | NAS=03.01.2026 10:48:30
2026-03-02 21:44:56 [DEBUG] Check Backups Start
2026-03-02 21:44:56 [INFO] Backups: Keine Änderungen erkannt
2026-03-02 21:44:56 [INFO] Sync End
2026-03-02 21:51:49 [INFO] === Lightroom Watcher gestartet ===
2026-03-02 21:51:50 [DEBUG] Check: Lokal=03.01.2026 10:48:30 | NAS=03.01.2026 10:48:30
2026-03-02 21:51:50 [DEBUG] Check Backups Start
2026-03-02 21:51:50 [DEBUG] Backup Check: E:\Lightroom_test <-> synology:Lightroom/Backups
2026-03-02 21:51:51 [INFO] Backups: Keine Änderungen erkannt
2026-03-02 21:51:51 [INFO] Sync loop End
2026-03-02 21:51:55 [DEBUG] Check: Lokal=03.01.2026 10:48:30 | NAS=03.01.2026 10:48:30
2026-03-02 21:51:55 [DEBUG] Check Backups Start
2026-03-02 21:51:55 [DEBUG] Backup Check: E:\Lightroom_test <-> synology:Lightroom/Backups
2026-03-02 21:51:55 [INFO] Backups: Keine Änderungen erkannt
2026-03-02 21:51:55 [INFO] Sync loop End
2026-03-02 21:52:00 [DEBUG] Check: Lokal=03.01.2026 10:48:30 | NAS=03.01.2026 10:48:30
2026-03-02 21:52:00 [DEBUG] Check Backups Start
2026-03-02 21:52:00 [DEBUG] Backup Check: E:\Lightroom_test <-> synology:Lightroom/Backups
2026-03-02 21:52:00 [INFO] Backups: Keine Änderungen erkannt
2026-03-02 21:52:00 [INFO] Sync loop End
2026-03-02 21:52:05 [DEBUG] Check: Lokal=03.01.2026 10:48:30 | NAS=03.01.2026 10:48:30
2026-03-02 21:52:05 [DEBUG] Check Backups Start
2026-03-02 21:52:05 [DEBUG] Backup Check: E:\Lightroom_test <-> synology:Lightroom/Backups
2026-03-02 21:52:05 [INFO] Backups: Keine Änderungen erkannt
2026-03-02 21:52:05 [INFO] Sync loop End
2026-03-02 21:52:10 [DEBUG] Check: Lokal=03.01.2026 10:48:30 | NAS=03.01.2026 10:48:30
2026-03-02 21:52:10 [DEBUG] Check Backups Start
2026-03-02 21:52:10 [DEBUG] Backup Check: E:\Lightroom_test <-> synology:Lightroom/Backups
2026-03-02 21:52:10 [INFO] Backups: Keine Änderungen erkannt
2026-03-02 21:52:10 [INFO] Sync loop End
2026-03-02 21:52:15 [DEBUG] Check: Lokal=03.01.2026 10:48:30 | NAS=03.01.2026 10:48:30
2026-03-02 21:52:15 [DEBUG] Check Backups Start
2026-03-02 21:52:15 [DEBUG] Backup Check: E:\Lightroom_test <-> synology:Lightroom/Backups
2026-03-02 21:52:15 [INFO] Backups: Änderungen erkannt (Dry-Run)
2026-03-02 21:52:15 [DEBUG] Check Backups End
2026-03-02 21:52:15 [DEBUG] Backup Sync Start
2026-03-02 21:52:15 [DEBUG] Backup Sync: E:\Lightroom_test <-> synology:Lightroom/Backups
2026-03-02 21:52:21 [INFO] rclone: Elapsed time:         0.1s
2026-03-02 21:52:21 [INFO] rclone: Elapsed time:         0.1s
2026-03-02 21:52:21 [INFO] rclone: Elapsed time:         0.1s
2026-03-02 21:52:21 [INFO] rclone: Elapsed time:         0.1s
2026-03-02 21:52:21 [INFO] rclone: Elapsed time:         0.1s
2026-03-02 21:52:21 [INFO] rclone: Elapsed time:         0.1s
2026-03-02 21:52:21 [INFO] rclone: Elapsed time:         0.1s
2026-03-02 21:52:21 [INFO] rclone: Elapsed time:         0.1s
2026-03-02 21:52:21 [INFO] rclone: Elapsed time:         0.1s
2026-03-02 21:52:21 [INFO] rclone: Elapsed time:         0.1s
2026-03-02 21:52:21 [INFO] rclone: Elapsed time:         0.1s
2026-03-02 21:52:21 [INFO] rclone: Elapsed time:         0.1s
2026-03-02 21:52:21 [INFO] rclone: Elapsed time:         0.1s
2026-03-02 21:52:21 [INFO] rclone: Elapsed time:         0.1s
2026-03-02 21:52:21 [INFO] rclone: Elapsed time:         0.1s
2026-03-02 21:52:21 [INFO] rclone: Elapsed time:         0.1s
2026-03-02 21:52:22 [INFO] rclone: Elapsed time:         0.1s
2026-03-02 21:52:22 [INFO] rclone: Elapsed time:         0.1s
2026-03-02 21:52:22 [INFO] rclone: Elapsed time:         0.1s
2026-03-02 21:52:22 [INFO] rclone: Elapsed time:         0.1s
2026-03-02 21:52:22 [INFO] rclone: Elapsed time:         0.1s
2026-03-02 21:52:22 [INFO] rclone: Elapsed time:         0.1s
2026-03-02 21:52:22 [INFO] rclone: Elapsed time:         0.1s
2026-03-02 21:52:22 [INFO] rclone: Elapsed time:         0.1s
2026-03-02 21:52:22 [INFO] rclone: Elapsed time:         0.1s
2026-03-02 21:52:22 [INFO] rclone: Elapsed time:         0.1s
2026-03-02 21:52:22 [INFO] rclone: Elapsed time:         0.1s
2026-03-02 21:52:22 [INFO] rclone: Elapsed time:         0.1s
2026-03-02 21:52:22 [INFO] rclone: Elapsed time:         0.1s
2026-03-02 21:52:22 [INFO] rclone: Elapsed time:         0.1s
2026-03-02 21:52:22 [INFO] rclone: Elapsed time:         0.1s
2026-03-02 21:52:22 [INFO] rclone: Elapsed time:         0.1s
2026-03-02 21:52:22 [INFO] rclone: Elapsed time:         0.1s
2026-03-02 21:52:22 [INFO] rclone: Elapsed time:         0.1s
2026-03-02 21:52:22 [INFO] rclone: Elapsed time:         0.1s
2026-03-02 21:52:22 [INFO] rclone: Elapsed time:         0.1s
2026-03-02 21:52:22 [INFO] rclone: Elapsed time:         0.1s
2026-03-02 21:52:22 [INFO] rclone: Elapsed time:         0.1s
2026-03-02 21:52:22 [INFO] rclone: Elapsed time:         0.1s
2026-03-02 21:52:22 [INFO] rclone: Elapsed time:         0.1s
2026-03-02 21:52:22 [INFO] rclone: Elapsed time:         0.1s
2026-03-02 21:52:22 [INFO] rclone: Elapsed time:         0.1s
2026-03-02 21:52:22 [INFO] rclone: Elapsed time:         0.1s
2026-03-02 21:52:22 [INFO] rclone: Elapsed time:         0.1s
2026-03-02 21:52:22 [INFO] rclone: Elapsed time:         0.1s
2026-03-02 21:52:22 [INFO] rclone: Elapsed time:         0.1s
2026-03-02 21:52:22 [INFO] rclone: Elapsed time:         0.1s
2026-03-02 21:52:22 [INFO] rclone: Elapsed time:         0.1s
2026-03-02 21:52:22 [INFO] rclone: Transferred:   	    2.250 GiB / 2.250 GiB, 100%, 0 B/s, ETA -
2026-03-02 21:52:22 [INFO] rclone: Deleted:                1 (files), 0 (dirs), 2.250 GiB (freed)
2026-03-02 21:52:22 [INFO] rclone: Transferred:            1 / 1, 100%
2026-03-02 21:52:22 [INFO] rclone: Elapsed time:         0.1s
2026-03-02 21:52:22 [INFO] rclone: 2026/03/02 21:52:21 INFO  : Backups/Ligsdv15.zip: Multi-thread Copied (new)
2026-03-02 21:52:22 [INFO] rclone: 2026/03/02 21:52:21 INFO  : Backups/Ligg-v15.zip: Deleted
2026-03-02 21:52:22 [INFO] rclone: Transferred:   	    2.250 GiB / 2.250 GiB, 100%, 376.854 MiB/s, ETA 0s
2026-03-02 21:52:22 [INFO] rclone: Deleted:                1 (files), 0 (dirs), 2.250 GiB (freed)
2026-03-02 21:52:22 [INFO] rclone: Transferred:            1 / 1, 100%
2026-03-02 21:52:22 [INFO] rclone: Elapsed time:         6.1s
2026-03-02 21:52:22 [DEBUG] Backup Sync End
2026-03-02 21:52:22 [INFO] Sync loop End
2026-03-02 21:52:22 [DEBUG] Check: Lokal=03.01.2026 10:48:30 | NAS=03.01.2026 10:48:30
2026-03-02 21:52:22 [DEBUG] Check Backups Start
2026-03-02 21:52:22 [DEBUG] Backup Check: E:\Lightroom_test <-> synology:Lightroom/Backups
2026-03-02 21:52:23 [INFO] Backups: Keine Änderungen erkannt
2026-03-02 21:52:23 [INFO] Sync loop End
2026-03-02 21:52:25 [DEBUG] Check: Lokal=03.01.2026 10:48:30 | NAS=03.01.2026 10:48:30
2026-03-02 21:52:25 [DEBUG] Check Backups Start
2026-03-02 21:52:25 [DEBUG] Backup Check: E:\Lightroom_test <-> synology:Lightroom/Backups
2026-03-02 21:52:25 [INFO] Backups: Keine Änderungen erkannt
2026-03-02 21:52:25 [INFO] Sync loop End
2026-03-02 21:52:30 [DEBUG] Check: Lokal=03.01.2026 10:48:30 | NAS=03.01.2026 10:48:30
2026-03-02 21:52:30 [DEBUG] Check Backups Start
2026-03-02 21:52:30 [DEBUG] Backup Check: E:\Lightroom_test <-> synology:Lightroom/Backups
2026-03-02 21:52:30 [INFO] Backups: Keine Änderungen erkannt
2026-03-02 21:52:30 [INFO] Sync loop End
2026-03-02 21:52:35 [DEBUG] Check: Lokal=03.01.2026 10:48:30 | NAS=03.01.2026 10:48:30
2026-03-02 21:52:35 [DEBUG] Check Backups Start
2026-03-02 21:52:35 [DEBUG] Backup Check: E:\Lightroom_test <-> synology:Lightroom/Backups
2026-03-02 21:52:35 [INFO] Backups: Keine Änderungen erkannt
2026-03-02 21:52:35 [INFO] Sync loop End
2026-03-02 22:17:32 [INFO] === Lightroom Watcher gestartet ===
2026-03-02 22:17:33 [DEBUG] Check: Lokal=03.01.2026 10:48:30 | NAS=03.01.2026 10:48:30
2026-03-02 22:17:33 [DEBUG] Check Backups Start
2026-03-02 22:17:33 [DEBUG] Backup Check: E:\Lightroom_test/Backups <-> synology:Lightroom/Backups
2026-03-02 22:17:35 [INFO] Backups: Keine Änderungen erkannt
2026-03-02 22:17:35 [INFO] Sync loop End
2026-03-02 22:17:38 [DEBUG] Check: Lokal=03.01.2026 10:48:30 | NAS=03.01.2026 10:48:30
2026-03-02 22:17:38 [DEBUG] Check Backups Start
2026-03-02 22:17:38 [DEBUG] Backup Check: E:\Lightroom_test/Backups <-> synology:Lightroom/Backups
2026-03-02 22:17:38 [INFO] Backups: Keine Änderungen erkannt
2026-03-02 22:17:38 [INFO] Sync loop End
2026-03-02 22:17:43 [DEBUG] Check: Lokal=03.01.2026 10:48:30 | NAS=03.01.2026 10:48:30
2026-03-02 22:17:43 [DEBUG] Check Backups Start
2026-03-02 22:17:43 [DEBUG] Backup Check: E:\Lightroom_test/Backups <-> synology:Lightroom/Backups
2026-03-02 22:17:43 [INFO] Backups: Keine Änderungen erkannt
2026-03-02 22:17:43 [INFO] Sync loop End
2026-03-02 22:17:48 [DEBUG] Check: Lokal=03.01.2026 10:48:30 | NAS=03.01.2026 10:48:30
2026-03-02 22:17:48 [DEBUG] Check Backups Start
2026-03-02 22:17:48 [DEBUG] Backup Check: E:\Lightroom_test/Backups <-> synology:Lightroom/Backups
2026-03-02 22:17:48 [INFO] Backups: Keine Änderungen erkannt
2026-03-02 22:17:48 [INFO] Sync loop End
2026-03-02 22:17:52 [INFO] Lock erkannt
2026-03-02 22:18:17 [INFO] Lock entfernt - Sync wird fortgesetzt
2026-03-02 22:18:18 [DEBUG] Check: Lokal=03.02.2026 22:18:16 | NAS=03.01.2026 10:48:30
2026-03-02 22:18:18 [INFO] PC neuer -> Upload
2026-03-02 22:18:18 [DEBUG] Katalog Sync Start
2026-03-02 22:18:18 [INFO] Kopiere *.lrcat: upload
2026-03-02 22:18:53 [INFO] rclone: Elapsed time:         0.1s
2026-03-02 22:18:53 [INFO] rclone: Elapsed time:         0.1s
2026-03-02 22:18:53 [INFO] rclone: Elapsed time:         0.1s
2026-03-02 22:18:53 [INFO] rclone: Elapsed time:         0.1s
2026-03-02 22:18:53 [INFO] rclone: Elapsed time:         1.1s
2026-03-02 22:18:53 [INFO] rclone: Elapsed time:         0.1s
2026-03-02 22:18:53 [INFO] rclone: Elapsed time:         0.1s
2026-03-02 22:18:53 [INFO] rclone: Elapsed time:         0.1s
2026-03-02 22:18:53 [INFO] rclone: 2026/03/02 22:18:53 INFO  : Lightroom-Katalog-v15.lrcat: Multi-thread Copied (replaced existing)
2026-03-02 22:18:53 [INFO] rclone: Transferred:   	    4.266 GiB / 4.266 GiB, 100%, 105.319 MiB/s, ETA 0s
2026-03-02 22:18:53 [INFO] rclone: Transferred:            1 / 1, 100%
2026-03-02 22:18:53 [INFO] rclone: Elapsed time:        34.3s
2026-03-02 22:18:53 [INFO] SYNC: upload / full
2026-03-02 22:19:03 [INFO] rclone: 2026/03/02 22:18:54 INFO  : Lightroom-Katalog-v15.lrcat-data/004121.log: Copied (new)
2026-03-02 22:19:03 [INFO] rclone: 2026/03/02 22:18:54 INFO  : Lightroom-Katalog-v15.lrcat-data/MANIFEST-004122: Copied (new)
2026-03-02 22:19:03 [INFO] rclone: 2026/03/02 22:18:54 INFO  : Lightroom-Katalog-v15.lrcat-data/LOG.old.1772486271513392: Copied (new)
2026-03-02 22:19:03 [INFO] rclone: 2026/03/02 22:18:54 INFO  : Lightroom-Katalog-v15.lrcat-data/LOG: Copied (replaced existing)
2026-03-02 22:19:03 [INFO] rclone: 2026/03/02 22:18:54 INFO  : Lightroom-Katalog-v15.lrcat-data/OPTIONS-004124: Copied (new)
2026-03-02 22:19:03 [INFO] rclone: 2026/03/02 22:18:54 INFO  : Lightroom-Katalog-v15 Sync.lrdata/0599d3e4191040789de5b1bb43bef3c0/Managed Catalog.wfindex-wal: Copied (replaced existing)
2026-03-02 22:19:03 [INFO] rclone: 2026/03/02 22:18:55 INFO  : Lightroom-Katalog-v15 Helper.lrdata/metadatahelper.db: Copied (replaced existing)
2026-03-02 22:19:03 [INFO] rclone: 2026/03/02 22:19:03 INFO  : Lightroom-Katal-v15.zip: Multi-thread Copied (new)
2026-03-02 22:19:03 [INFO] rclone: 2026/03/02 22:19:03 INFO  : Lightroom-Katalog-v15.lrcat-data/004117.log: Deleted
2026-03-02 22:19:03 [INFO] rclone: 2026/03/02 22:19:03 INFO  : Lightroom-Katalog-v15.lrcat-data/LOG.old.1772314243457595: Deleted
2026-03-02 22:19:03 [INFO] rclone: 2026/03/02 22:19:03 INFO  : Lightroom-Katalog-v15.lrcat-data/MANIFEST-004118: Deleted
2026-03-02 22:19:03 [INFO] rclone: 2026/03/02 22:19:03 INFO  : Lightroom-Katalog-v15.lrcat-data/OPTIONS-004116: Deleted
2026-03-02 22:19:03 [INFO] rclone: Transferred:   	    2.296 GiB / 2.296 GiB, 100%, 261.189 MiB/s, ETA 0s
2026-03-02 22:19:03 [INFO] rclone: Deleted:                4 (files), 0 (dirs), 29.957 KiB (freed)
2026-03-02 22:19:03 [INFO] rclone: Transferred:            8 / 8, 100%
2026-03-02 22:19:03 [INFO] rclone: Elapsed time:         9.6s
2026-03-02 22:19:03 [INFO] Fertig
2026-03-02 22:19:03 [DEBUG] Katalog Sync End
2026-03-02 22:19:03 [DEBUG] Check Backups Start
2026-03-02 22:19:03 [DEBUG] Backup Check: E:\Lightroom_test/Backups <-> synology:Lightroom/Backups
2026-03-02 22:19:04 [INFO] Backups: Keine Änderungen erkannt
2026-03-02 22:19:04 [INFO] Sync loop End
2026-03-02 22:19:04 [DEBUG] Check: Lokal=03.02.2026 22:18:16 | NAS=03.02.2026 22:18:16
2026-03-02 22:19:04 [DEBUG] Check Backups Start
2026-03-02 22:19:04 [DEBUG] Backup Check: E:\Lightroom_test/Backups <-> synology:Lightroom/Backups
2026-03-02 22:19:05 [INFO] Backups: Keine Änderungen erkannt
2026-03-02 22:19:05 [INFO] Sync loop End
2026-03-02 22:19:06 [DEBUG] Check: Lokal=03.02.2026 22:18:16 | NAS=03.02.2026 22:18:16
2026-03-02 22:19:06 [DEBUG] Check Backups Start
2026-03-02 22:19:06 [DEBUG] Backup Check: E:\Lightroom_test/Backups <-> synology:Lightroom/Backups
2026-03-02 22:19:06 [INFO] Backups: Keine Änderungen erkannt
2026-03-02 22:19:06 [INFO] Sync loop End
2026-03-02 22:19:07 [DEBUG] Check: Lokal=03.02.2026 22:18:16 | NAS=03.02.2026 22:18:16
2026-03-02 22:19:07 [DEBUG] Check Backups Start
2026-03-02 22:19:07 [DEBUG] Backup Check: E:\Lightroom_test/Backups <-> synology:Lightroom/Backups
2026-03-02 22:19:07 [INFO] Backups: Keine Änderungen erkannt
2026-03-02 22:19:07 [INFO] Sync loop End
2026-03-02 22:19:08 [DEBUG] Check: Lokal=03.02.2026 22:18:16 | NAS=03.02.2026 22:18:16
2026-03-02 22:19:08 [DEBUG] Check Backups Start
2026-03-02 22:19:08 [DEBUG] Backup Check: E:\Lightroom_test/Backups <-> synology:Lightroom/Backups
2026-03-02 22:19:08 [INFO] Backups: Keine Änderungen erkannt
2026-03-02 22:19:08 [INFO] Sync loop End
2026-03-02 22:19:10 [DEBUG] Check: Lokal=03.02.2026 22:18:16 | NAS=03.02.2026 22:18:16
2026-03-02 22:19:10 [DEBUG] Check Backups Start
2026-03-02 22:19:10 [DEBUG] Backup Check: E:\Lightroom_test/Backups <-> synology:Lightroom/Backups
2026-03-02 22:19:11 [INFO] Backups: Keine Änderungen erkannt
2026-03-02 22:19:11 [INFO] Sync loop End
2026-03-02 22:19:12 [DEBUG] Check: Lokal=03.02.2026 22:18:16 | NAS=03.02.2026 22:18:16
2026-03-02 22:19:12 [DEBUG] Check Backups Start
2026-03-02 22:19:12 [DEBUG] Backup Check: E:\Lightroom_test/Backups <-> synology:Lightroom/Backups
2026-03-02 22:19:12 [INFO] Backups: Keine Änderungen erkannt
2026-03-02 22:19:12 [INFO] Sync loop End
2026-03-02 22:19:13 [DEBUG] Check: Lokal=03.02.2026 22:18:16 | NAS=03.02.2026 22:18:16
2026-03-02 22:19:13 [DEBUG] Check Backups Start
2026-03-02 22:19:13 [DEBUG] Backup Check: E:\Lightroom_test/Backups <-> synology:Lightroom/Backups
2026-03-02 22:19:13 [INFO] Backups: Keine Änderungen erkannt
2026-03-02 22:19:13 [INFO] Sync loop End
2026-03-02 22:19:14 [DEBUG] Check: Lokal=03.02.2026 22:18:16 | NAS=03.02.2026 22:18:16
2026-03-02 22:19:14 [DEBUG] Check Backups Start
2026-03-02 22:19:14 [DEBUG] Backup Check: E:\Lightroom_test/Backups <-> synology:Lightroom/Backups
2026-03-02 22:19:14 [INFO] Backups: Keine Änderungen erkannt
2026-03-02 22:19:14 [INFO] Sync loop End
2026-03-02 22:19:15 [DEBUG] Check: Lokal=03.02.2026 22:18:16 | NAS=03.02.2026 22:18:16
2026-03-02 22:19:15 [DEBUG] Check Backups Start
2026-03-02 22:19:15 [DEBUG] Backup Check: E:\Lightroom_test/Backups <-> synology:Lightroom/Backups
2026-03-02 22:19:16 [INFO] Backups: Keine Änderungen erkannt
2026-03-02 22:19:16 [INFO] Sync loop End
2026-03-02 22:19:16 [DEBUG] Check: Lokal=03.02.2026 22:18:16 | NAS=03.02.2026 22:18:16
2026-03-02 22:19:16 [DEBUG] Check Backups Start
2026-03-02 22:19:16 [DEBUG] Backup Check: E:\Lightroom_test/Backups <-> synology:Lightroom/Backups
2026-03-02 22:19:17 [INFO] Backups: Keine Änderungen erkannt
2026-03-02 22:19:17 [INFO] Sync loop End
2026-03-02 22:19:18 [DEBUG] Check: Lokal=03.02.2026 22:18:16 | NAS=03.02.2026 22:18:16
2026-03-02 22:19:18 [DEBUG] Check Backups Start
2026-03-02 22:19:18 [DEBUG] Backup Check: E:\Lightroom_test/Backups <-> synology:Lightroom/Backups
2026-03-02 22:19:18 [INFO] Backups: Keine Änderungen erkannt
2026-03-02 22:19:18 [INFO] Sync loop End
2026-03-02 22:19:18 [INFO] Lock erkannt
2026-03-02 22:19:37 [INFO] Lock entfernt - Sync wird fortgesetzt
2026-03-02 22:19:38 [DEBUG] Check: Lokal=03.02.2026 22:18:16 | NAS=03.02.2026 22:18:16
2026-03-02 22:19:38 [DEBUG] Check Backups Start
2026-03-02 22:19:38 [DEBUG] Backup Check: E:\Lightroom_test/Backups <-> synology:Lightroom/Backups
2026-03-02 22:19:39 [INFO] Backups: Keine Änderungen erkannt
2026-03-02 22:19:39 [INFO] Sync loop End
2026-03-02 22:19:42 [INFO] Lock erkannt
2026-03-02 22:20:07 [INFO] Lock entfernt - Sync wird fortgesetzt
2026-03-02 22:20:08 [DEBUG] Check: Lokal=03.02.2026 22:20:05 | NAS=03.02.2026 22:18:16
2026-03-02 22:20:08 [INFO] PC neuer -> Upload
2026-03-02 22:20:08 [DEBUG] Katalog Sync Start
2026-03-02 22:20:08 [INFO] Kopiere *.lrcat: upload
2026-03-02 22:20:26 [INFO] rclone: Elapsed time:         0.1s
2026-03-02 22:20:26 [INFO] rclone: Elapsed time:         0.1s
2026-03-02 22:20:26 [INFO] rclone: Elapsed time:         0.1s
2026-03-02 22:20:26 [INFO] rclone: Elapsed time:         0.1s
2026-03-02 22:20:26 [INFO] rclone: Elapsed time:         0.1s
2026-03-02 22:20:26 [INFO] rclone: Elapsed time:         0.1s
2026-03-02 22:20:26 [INFO] rclone: Elapsed time:         0.1s
2026-03-02 22:20:26 [INFO] rclone: Elapsed time:         0.1s
2026-03-02 22:20:26 [INFO] rclone: Elapsed time:         0.1s
2026-03-02 22:20:26 [INFO] rclone: Elapsed time:         0.1s
2026-03-02 22:20:26 [INFO] rclone: Elapsed time:         0.1s
2026-03-02 22:20:26 [INFO] rclone: Elapsed time:         0.1s
2026-03-02 22:20:26 [INFO] rclone: Elapsed time:         0.1s
2026-03-02 22:20:26 [INFO] rclone: 2026/03/02 22:20:26 INFO  : Lightroom-Katalog-v15.lrcat: Multi-thread Copied (replaced existing)
2026-03-02 22:20:26 [INFO] rclone: Transferred:   	    4.266 GiB / 4.266 GiB, 100%, 255.971 MiB/s, ETA 0s
2026-03-02 22:20:26 [INFO] rclone: Transferred:            1 / 1, 100%
2026-03-02 22:20:26 [INFO] rclone: Elapsed time:        17.6s
2026-03-02 22:20:26 [INFO] SYNC: upload / full
2026-03-02 22:20:27 [INFO] rclone: 2026/03/02 22:20:27 INFO  : Lightroom-Katalog-v15.lrcat-data/004125.log: Copied (new)
2026-03-02 22:20:27 [INFO] rclone: 2026/03/02 22:20:27 INFO  : Lightroom-Katalog-v15.lrcat-data/LOG.old.1772486382194036: Copied (new)
2026-03-02 22:20:27 [INFO] rclone: 2026/03/02 22:20:27 INFO  : Lightroom-Katalog-v15.lrcat-data/MANIFEST-004126: Copied (new)
2026-03-02 22:20:27 [INFO] rclone: 2026/03/02 22:20:27 INFO  : Lightroom-Katalog-v15.lrcat.lock: Copied (new)
2026-03-02 22:20:27 [INFO] rclone: 2026/03/02 22:20:27 INFO  : Lightroom-Katalog-v15.lrcat-data/OPTIONS-004128: Copied (new)
2026-03-02 22:20:27 [INFO] rclone: 2026/03/02 22:20:27 INFO  : Lightroom-Katalog-v15 Sync.lrdata/0599d3e4191040789de5b1bb43bef3c0/Managed Catalog.wfindex-wal: Copied (replaced existing)
2026-03-02 22:20:27 [INFO] rclone: 2026/03/02 22:20:27 INFO  : Lightroom-Katalog-v15 Helper.lrdata/metadatahelper.db: Copied (replaced existing)
2026-03-02 22:20:27 [INFO] rclone: 2026/03/02 22:20:27 INFO  : Lightroom-Katalog-v15.lrcat-data/004121.log: Deleted
2026-03-02 22:20:27 [INFO] rclone: 2026/03/02 22:20:27 INFO  : Lightroom-Katalog-v15.lrcat-data/LOG.old.1772314621591131: Deleted
2026-03-02 22:20:27 [INFO] rclone: 2026/03/02 22:20:27 INFO  : Lightroom-Katalog-v15.lrcat-data/OPTIONS-004120: Deleted
2026-03-02 22:20:27 [INFO] rclone: 2026/03/02 22:20:27 INFO  : Lightroom-Katalog-v15.lrcat-data/MANIFEST-004122: Deleted
2026-03-02 22:20:27 [INFO] rclone: Transferred:   	   59.916 MiB / 59.916 MiB, 100%, 0 B/s, ETA -
2026-03-02 22:20:28 [INFO] rclone: Deleted:                4 (files), 0 (dirs), 29.957 KiB (freed)
2026-03-02 22:20:28 [INFO] rclone: Transferred:            7 / 7, 100%
2026-03-02 22:20:28 [INFO] rclone: Elapsed time:         0.6s
2026-03-02 22:20:28 [INFO] Fertig
2026-03-02 22:20:28 [DEBUG] Katalog Sync End
2026-03-02 22:20:28 [DEBUG] Check Backups Start
2026-03-02 22:20:28 [DEBUG] Backup Check: E:\Lightroom_test/Backups <-> synology:Lightroom/Backups
2026-03-02 22:20:28 [INFO] Backups: Keine Änderungen erkannt
2026-03-02 22:20:28 [INFO] Sync loop End
2026-03-02 22:20:28 [INFO] Lock erkannt
2026-03-02 22:20:32 [INFO] Lock entfernt - Sync wird fortgesetzt
2026-03-02 22:20:33 [DEBUG] Check: Lokal=03.02.2026 22:20:05 | NAS=03.02.2026 22:20:05
2026-03-02 22:20:33 [DEBUG] Check Backups Start
2026-03-02 22:20:33 [DEBUG] Backup Check: E:\Lightroom_test/Backups <-> synology:Lightroom/Backups
2026-03-02 22:20:33 [INFO] Backups: Keine Änderungen erkannt
2026-03-02 22:20:33 [INFO] Sync loop End
2026-03-02 22:20:38 [DEBUG] Check: Lokal=03.02.2026 22:20:05 | NAS=03.02.2026 22:20:05
2026-03-02 22:20:38 [DEBUG] Check Backups Start
2026-03-02 22:20:38 [DEBUG] Backup Check: E:\Lightroom_test/Backups <-> synology:Lightroom/Backups
2026-03-02 22:20:38 [INFO] Backups: Keine Änderungen erkannt
2026-03-02 22:20:38 [INFO] Sync loop End
2026-03-02 22:20:43 [DEBUG] Check: Lokal=03.02.2026 22:20:05 | NAS=03.02.2026 22:20:05
2026-03-02 22:20:43 [DEBUG] Check Backups Start
2026-03-02 22:20:43 [DEBUG] Backup Check: E:\Lightroom_test/Backups <-> synology:Lightroom/Backups
2026-03-02 22:20:43 [INFO] Backups: Keine Änderungen erkannt
2026-03-02 22:20:43 [INFO] Sync loop End
2026-03-02 22:20:47 [INFO] Lock erkannt
2026-03-02 22:21:07 [INFO] Lock entfernt - Sync wird fortgesetzt
2026-03-02 22:21:08 [DEBUG] Check: Lokal=03.02.2026 22:21:03 | NAS=03.02.2026 22:20:05
2026-03-02 22:21:08 [INFO] PC neuer -> Upload
2026-03-02 22:21:08 [DEBUG] Katalog Sync Start
2026-03-02 22:21:08 [INFO] Kopiere *.lrcat: upload
2026-03-02 22:21:28 [INFO] rclone: Elapsed time:         0.1s
2026-03-02 22:21:28 [INFO] rclone: Elapsed time:         0.1s
2026-03-02 22:21:28 [INFO] rclone: Elapsed time:         0.1s
2026-03-02 22:21:28 [INFO] rclone: Elapsed time:         0.1s
2026-03-02 22:21:28 [INFO] rclone: 2026/03/02 22:21:28 INFO  : Lightroom-Katalog-v15.lrcat: Multi-thread Copied (replaced existing)
2026-03-02 22:21:28 [INFO] rclone: Transferred:   	    4.266 GiB / 4.266 GiB, 100%, 226.294 MiB/s, ETA 0s
2026-03-02 22:21:28 [INFO] rclone: Transferred:            1 / 1, 100%
2026-03-02 22:21:28 [INFO] rclone: Elapsed time:        19.3s
2026-03-02 22:21:28 [INFO] SYNC: upload / full
2026-03-02 22:21:29 [INFO] rclone: 2026/03/02 22:21:29 INFO  : Lightroom-Katalog-v15.lrcat-data/OPTIONS-004132: Copied (new)
2026-03-02 22:21:29 [INFO] rclone: 2026/03/02 22:21:29 INFO  : Lightroom-Katalog-v15.lrcat-data/MANIFEST-004130: Copied (new)
2026-03-02 22:21:29 [INFO] rclone: 2026/03/02 22:21:29 INFO  : Lightroom-Katalog-v15.lrcat-data/LOG.old.1772486449984331: Copied (new)
2026-03-02 22:21:29 [INFO] rclone: 2026/03/02 22:21:29 INFO  : Lightroom-Katalog-v15.lrcat-data/LOG: Copied (replaced existing)
2026-03-02 22:21:29 [INFO] rclone: 2026/03/02 22:21:29 INFO  : Lightroom-Katalog-v15.lrcat-data/004129.log: Copied (new)
2026-03-02 22:21:29 [INFO] rclone: 2026/03/02 22:21:29 INFO  : Lightroom-Katalog-v15 Helper.lrdata/metadatahelper.db: Copied (replaced existing)
2026-03-02 22:21:29 [INFO] rclone: 2026/03/02 22:21:29 INFO  : Lightroom-Katalog-v15.lrcat-data/004125.log: Deleted
2026-03-02 22:21:29 [INFO] rclone: 2026/03/02 22:21:29 INFO  : Lightroom-Katalog-v15.lrcat-data/OPTIONS-004124: Deleted
2026-03-02 22:21:29 [INFO] rclone: 2026/03/02 22:21:29 INFO  : Lightroom-Katalog-v15.lrcat-data/LOG.old.1772315523395512: Deleted
2026-03-02 22:21:29 [INFO] rclone: 2026/03/02 22:21:29 INFO  : Lightroom-Katalog-v15.lrcat.lock: Deleted
2026-03-02 22:21:29 [INFO] rclone: 2026/03/02 22:21:29 INFO  : Lightroom-Katalog-v15.lrcat-data/MANIFEST-004126: Deleted
2026-03-02 22:21:29 [INFO] rclone: Transferred:   	   66.329 MiB / 66.329 MiB, 100%, 0 B/s, ETA -
2026-03-02 22:21:29 [INFO] rclone: Deleted:                5 (files), 0 (dirs), 30.021 KiB (freed)
2026-03-02 22:21:29 [INFO] rclone: Transferred:            6 / 6, 100%
2026-03-02 22:21:29 [INFO] rclone: Elapsed time:         0.9s
2026-03-02 22:21:29 [INFO] Fertig
2026-03-02 22:21:29 [DEBUG] Katalog Sync End
2026-03-02 22:21:29 [DEBUG] Check Backups Start
2026-03-02 22:21:29 [DEBUG] Backup Check: E:\Lightroom_test/Backups <-> synology:Lightroom/Backups
2026-03-02 22:21:30 [INFO] Backups: Keine Änderungen erkannt
2026-03-02 22:21:30 [INFO] Sync loop End
2026-03-02 22:21:31 [DEBUG] Check: Lokal=03.02.2026 22:21:03 | NAS=03.02.2026 22:21:03
2026-03-02 22:21:31 [DEBUG] Check Backups Start
2026-03-02 22:21:31 [DEBUG] Backup Check: E:\Lightroom_test/Backups <-> synology:Lightroom/Backups
2026-03-02 22:21:31 [INFO] Backups: Keine Änderungen erkannt
2026-03-02 22:21:31 [INFO] Sync loop End
2026-03-02 22:21:32 [DEBUG] Check: Lokal=03.02.2026 22:21:03 | NAS=03.02.2026 22:21:03
2026-03-02 22:21:32 [DEBUG] Check Backups Start
2026-03-02 22:21:32 [DEBUG] Backup Check: E:\Lightroom_test/Backups <-> synology:Lightroom/Backups
2026-03-02 22:21:32 [INFO] Backups: Keine Änderungen erkannt
2026-03-02 22:21:32 [INFO] Sync loop End
2026-03-02 22:21:33 [DEBUG] Check: Lokal=03.02.2026 22:21:03 | NAS=03.02.2026 22:21:03
2026-03-02 22:21:33 [DEBUG] Check Backups Start
2026-03-02 22:21:33 [DEBUG] Backup Check: E:\Lightroom_test/Backups <-> synology:Lightroom/Backups
2026-03-02 22:21:34 [INFO] Backups: Keine Änderungen erkannt
2026-03-02 22:21:34 [INFO] Sync loop End
2026-03-02 22:21:34 [DEBUG] Check: Lokal=03.02.2026 22:21:03 | NAS=03.02.2026 22:21:03
2026-03-02 22:21:34 [DEBUG] Check Backups Start
2026-03-02 22:21:34 [DEBUG] Backup Check: E:\Lightroom_test/Backups <-> synology:Lightroom/Backups
2026-03-02 22:21:35 [INFO] Backups: Keine Änderungen erkannt
2026-03-02 22:21:35 [INFO] Sync loop End
2026-03-02 22:21:36 [DEBUG] Check: Lokal=03.02.2026 22:21:03 | NAS=03.02.2026 22:21:03
2026-03-02 22:21:36 [DEBUG] Check Backups Start
2026-03-02 22:21:36 [DEBUG] Backup Check: E:\Lightroom_test/Backups <-> synology:Lightroom/Backups
2026-03-02 22:21:36 [INFO] Backups: Keine Änderungen erkannt
2026-03-02 22:21:36 [INFO] Sync loop End
2026-03-02 22:21:38 [DEBUG] Check: Lokal=03.02.2026 22:21:03 | NAS=03.02.2026 22:21:03
2026-03-02 22:21:38 [DEBUG] Check Backups Start
2026-03-02 22:21:38 [DEBUG] Backup Check: E:\Lightroom_test/Backups <-> synology:Lightroom/Backups
2026-03-02 22:21:38 [INFO] Backups: Keine Änderungen erkannt
2026-03-02 22:21:38 [INFO] Sync loop End
2026-03-02 22:21:43 [DEBUG] Check: Lokal=03.02.2026 22:21:03 | NAS=03.02.2026 22:21:03
2026-03-02 22:21:43 [DEBUG] Check Backups Start
2026-03-02 22:21:43 [DEBUG] Backup Check: E:\Lightroom_test/Backups <-> synology:Lightroom/Backups
2026-03-02 22:21:43 [INFO] Backups: Keine Änderungen erkannt
2026-03-02 22:21:43 [INFO] Sync loop End
2026-03-02 22:21:48 [DEBUG] Check: Lokal=03.02.2026 22:21:03 | NAS=03.02.2026 22:21:03
2026-03-02 22:21:48 [DEBUG] Check Backups Start
2026-03-02 22:21:48 [DEBUG] Backup Check: E:\Lightroom_test/Backups <-> synology:Lightroom/Backups
2026-03-02 22:21:48 [INFO] Backups: Keine Änderungen erkannt
2026-03-02 22:21:48 [INFO] Sync loop End
2026-03-02 22:21:53 [DEBUG] Check: Lokal=03.02.2026 22:21:03 | NAS=03.02.2026 22:21:03
2026-03-02 22:21:53 [DEBUG] Check Backups Start
2026-03-02 22:21:53 [DEBUG] Backup Check: E:\Lightroom_test/Backups <-> synology:Lightroom/Backups
2026-03-02 22:21:53 [INFO] Backups: Keine Änderungen erkannt
2026-03-02 22:21:53 [INFO] Sync loop End
2026-03-02 22:21:58 [DEBUG] Check: Lokal=03.02.2026 22:21:03 | NAS=03.02.2026 22:21:03
2026-03-02 22:21:58 [DEBUG] Check Backups Start
2026-03-02 22:21:58 [DEBUG] Backup Check: E:\Lightroom_test/Backups <-> synology:Lightroom/Backups
2026-03-02 22:21:58 [INFO] Backups: Keine Änderungen erkannt
2026-03-02 22:21:58 [INFO] Sync loop End
2026-03-02 22:22:03 [DEBUG] Check: Lokal=03.02.2026 22:21:03 | NAS=03.02.2026 22:21:03
2026-03-02 22:22:03 [DEBUG] Check Backups Start
2026-03-02 22:22:03 [DEBUG] Backup Check: E:\Lightroom_test/Backups <-> synology:Lightroom/Backups
2026-03-02 22:22:03 [INFO] Backups: Keine Änderungen erkannt
2026-03-02 22:22:03 [INFO] Sync loop End
2026-03-02 22:22:08 [DEBUG] Check: Lokal=03.02.2026 22:21:03 | NAS=03.02.2026 22:21:03
2026-03-02 22:22:08 [DEBUG] Check Backups Start
2026-03-02 22:22:08 [DEBUG] Backup Check: E:\Lightroom_test/Backups <-> synology:Lightroom/Backups
2026-03-02 22:22:08 [INFO] Backups: Keine Änderungen erkannt
2026-03-02 22:22:08 [INFO] Sync loop End
2026-03-02 22:22:12 [INFO] Lock erkannt
