2026-03-03 22:10:07 [INFO] === Lightroom Watcher gestartet ===
2026-03-03 22:10:09 [DEBUG] Catalog: Check: Lokal=03.03.2026 21:59:26 | NAS=03.03.2026 19:40:56
2026-03-03 22:10:09 [INFO] Catalog: PC New -> Upload
2026-03-03 22:10:09 [DEBUG] Catalog: Sync Start
2026-03-03 22:10:09 [INFO] Catalog: Katalog upload
2026-03-03 22:20:00 [INFO] === Lightroom Watcher gestartet ===
2026-03-03 22:20:01 [DEBUG] Catalog: Check: Lokal=03.03.2026 21:59:26 | NAS=03.03.2026 21:59:26
2026-03-03 22:20:01 [DEBUG] Catalog: kein Unterschied
2026-03-03 22:20:02 [DEBUG] Backup: Checking
2026-03-03 22:20:02 [DEBUG] Backup: Pfad: E:\Lightroom_test/Backups <-> synology:Lightroom/Backups
2026-03-03 22:20:02 [DEBUG] Backup: Keine Änderungen gefunden
2026-03-03 22:20:02 [DEBUG] Backup: Check End
2026-03-03 22:20:02 [DEBUG] Sync loop End
2026-03-03 22:20:02 [DEBUG] ==============================================
2026-03-03 22:20:06 [DEBUG] Catalog: Check: Lokal=03.03.2026 21:59:26 | NAS=03.03.2026 21:59:26
2026-03-03 22:20:06 [DEBUG] Catalog: kein Unterschied
2026-03-03 22:20:06 [DEBUG] Backup: Checking
2026-03-03 22:20:06 [DEBUG] Backup: Pfad: E:\Lightroom_test/Backups <-> synology:Lightroom/Backups
2026-03-03 22:20:06 [DEBUG] Backup: Keine Änderungen gefunden
2026-03-03 22:20:06 [DEBUG] Backup: Check End
2026-03-03 22:20:06 [DEBUG] Sync loop End
2026-03-03 22:20:06 [DEBUG] ==============================================
2026-03-03 22:20:11 [DEBUG] Catalog: Check: Lokal=03.03.2026 21:59:26 | NAS=03.03.2026 21:59:26
2026-03-03 22:20:11 [DEBUG] Catalog: kein Unterschied
2026-03-03 22:20:11 [DEBUG] Backup: Checking
2026-03-03 22:20:11 [DEBUG] Backup: Pfad: E:\Lightroom_test/Backups <-> synology:Lightroom/Backups
2026-03-03 22:20:11 [DEBUG] Backup: Keine Änderungen gefunden
2026-03-03 22:20:11 [DEBUG] Backup: Check End
2026-03-03 22:20:11 [DEBUG] Sync loop End
2026-03-03 22:20:11 [DEBUG] ==============================================
2026-03-03 22:20:15 [INFO] Lock erkannt
2026-03-03 22:20:35 [INFO] Lock entfernt - Sync wird fortgesetzt
2026-03-03 22:20:36 [DEBUG] Catalog: Check: Lokal=03.03.2026 22:20:33 | NAS=03.03.2026 21:59:26
2026-03-03 22:20:36 [INFO] Catalog: PC New -> Upload
2026-03-03 22:20:36 [DEBUG] Catalog: Sync Start
2026-03-03 22:20:36 [INFO] Catalog: upload
2026-03-03 22:20:52 [INFO] Catalog: upload complete
2026-03-03 22:20:52 [DEBUG] rclone: 2026/03/03 22:20:37 INFO  : Lightroom-Katalog-v15.lrcat-data/LOG.old.1772572813929549: Copied (new)
2026-03-03 22:20:52 [DEBUG] rclone: 2026/03/03 22:20:37 INFO  : Lightroom-Katalog-v15.lrcat-data/MANIFEST-004154: Copied (new)
2026-03-03 22:20:52 [DEBUG] rclone: 2026/03/03 22:20:37 INFO  : Lightroom-Katalog-v15.lrcat-data/004153.log: Copied (new)
2026-03-03 22:20:52 [DEBUG] rclone: 2026/03/03 22:20:37 INFO  : Lightroom-Katalog-v15.lrcat-data/OPTIONS-004156: Copied (new)
2026-03-03 22:20:52 [DEBUG] rclone: 2026/03/03 22:20:37 INFO  : Lightroom-Katalog-v15.lrcat-data/CURRENT: Copied (replaced existing)
2026-03-03 22:20:52 [DEBUG] rclone: 2026/03/03 22:20:37 INFO  : Lightroom-Katalog-v15.lrcat-data/LOCK: Copied (replaced existing)
2026-03-03 22:20:52 [DEBUG] rclone: 2026/03/03 22:20:37 INFO  : Lightroom-Katalog-v15.lrcat-data/LOG: Copied (replaced existing)
2026-03-03 22:20:52 [DEBUG] rclone: 2026/03/03 22:20:37 INFO  : Lightroom-Katalog-v15 Sync.lrdata/0599d3e4191040789de5b1bb43bef3c0/Managed Catalog.mcat-shm: Copied (replaced existing)
2026-03-03 22:20:52 [DEBUG] rclone: 2026/03/03 22:20:37 INFO  : Lightroom-Katalog-v15 Sync.lrdata/0599d3e4191040789de5b1bb43bef3c0/Managed Catalog.wfindex-shm: Copied (replaced existing)
2026-03-03 22:20:52 [DEBUG] rclone: 2026/03/03 22:20:37 INFO  : Lightroom-Katalog-v15 Previews.lrdata/previews.db: Copied (replaced existing)
2026-03-03 22:20:52 [DEBUG] rclone: 2026/03/03 22:20:37 INFO  : Lightroom-Katalog-v15 Sync.lrdata/0599d3e4191040789de5b1bb43bef3c0/Managed Catalog.wfindex-wal: Copied (replaced existing)
2026-03-03 22:20:52 [DEBUG] rclone: 2026/03/03 22:20:37 INFO  : Lightroom-Katalog-v15 Helper.lrdata/helper.db: Copied (replaced existing)
2026-03-03 22:20:52 [DEBUG] rclone: 2026/03/03 22:20:37 INFO  : Lightroom-Katalog-v15 Sync.lrdata/0599d3e4191040789de5b1bb43bef3c0/Managed Catalog.mcat-wal: Copied (replaced existing)
2026-03-03 22:20:52 [DEBUG] rclone: 2026/03/03 22:20:38 INFO  : Lightroom-Katalog-v15 Helper.lrdata/metadatahelper.db: Copied (replaced existing)
2026-03-03 22:20:52 [DEBUG] rclone: 2026/03/03 22:20:52 INFO  : Lightroom-Katalog-v15.lrcat: Multi-thread Copied (replaced existing)
2026-03-03 22:20:52 [DEBUG] rclone: 2026/03/03 22:20:52 INFO  : Lightroom-Katalog-v15.lrcat-data/MANIFEST-004150: Deleted
2026-03-03 22:20:52 [DEBUG] rclone: 2026/03/03 22:20:52 INFO  : Lightroom-Katalog-v15.lrcat-data/OPTIONS-004148: Deleted
2026-03-03 22:20:52 [DEBUG] rclone: 2026/03/03 22:20:52 INFO  : Lightroom-Katalog-v15.lrcat-data/LOG.old.1772556319377487: Deleted
2026-03-03 22:20:52 [DEBUG] rclone: 2026/03/03 22:20:52 INFO  : Lightroom-Katalog-v15.lrcat-data/004149.log: Deleted
2026-03-03 22:20:52 [DEBUG] rclone: Transferred:   	    4.449 GiB / 4.449 GiB, 100%, 303.689 MiB/s, ETA 0s
2026-03-03 22:20:52 [DEBUG] rclone: Deleted:                4 (files), 0 (dirs), 29.957 KiB (freed)
2026-03-03 22:20:52 [DEBUG] rclone: Transferred:           15 / 15, 100%
2026-03-03 22:20:52 [DEBUG] Catalog: Sync End
2026-03-03 22:20:52 [DEBUG] Backup: Checking
2026-03-03 22:20:52 [DEBUG] Backup: Pfad: E:\Lightroom_test/Backups <-> synology:Lightroom/Backups
2026-03-03 22:20:53 [DEBUG] Backup: Keine Änderungen gefunden
2026-03-03 22:20:53 [DEBUG] Backup: Check End
2026-03-03 22:20:53 [DEBUG] Sync loop End
2026-03-03 22:20:53 [DEBUG] ==============================================
2026-03-03 22:20:54 [DEBUG] Catalog: Check: Lokal=03.03.2026 22:20:33 | NAS=03.03.2026 22:20:33
2026-03-03 22:20:54 [DEBUG] Catalog: kein Unterschied
2026-03-03 22:20:54 [DEBUG] Backup: Checking
2026-03-03 22:20:54 [DEBUG] Backup: Pfad: E:\Lightroom_test/Backups <-> synology:Lightroom/Backups
2026-03-03 22:20:55 [DEBUG] Backup: Keine Änderungen gefunden
2026-03-03 22:20:55 [DEBUG] Backup: Check End
2026-03-03 22:20:55 [DEBUG] Sync loop End
2026-03-03 22:20:55 [DEBUG] ==============================================
2026-03-03 22:20:56 [DEBUG] Catalog: Check: Lokal=03.03.2026 22:20:33 | NAS=03.03.2026 22:20:33
2026-03-03 22:20:56 [DEBUG] Catalog: kein Unterschied
2026-03-03 22:20:56 [DEBUG] Backup: Checking
2026-03-03 22:20:56 [DEBUG] Backup: Pfad: E:\Lightroom_test/Backups <-> synology:Lightroom/Backups
2026-03-03 22:20:56 [DEBUG] Backup: Keine Änderungen gefunden
2026-03-03 22:20:56 [DEBUG] Backup: Check End
2026-03-03 22:20:56 [DEBUG] Sync loop End
2026-03-03 22:20:56 [DEBUG] ==============================================
2026-03-03 22:29:05 [INFO] === Lightroom Watcher gestartet ===
2026-03-03 22:29:07 [DEBUG] Catalog: Check: Lokal=03.03.2026 22:20:33 | NAS=03.03.2026 22:20:33
2026-03-03 22:29:07 [DEBUG] Catalog: kein Unterschied
2026-03-03 22:29:07 [DEBUG] Backup: Checking
2026-03-03 22:29:07 [DEBUG] Backup: Pfad: E:\Lightroom_test/Backups <-> synology:Lightroom/Backups
2026-03-03 22:29:08 [DEBUG] Backup: Keine Änderungen gefunden
2026-03-03 22:29:08 [DEBUG] Backup: Check End
2026-03-03 22:29:08 [DEBUG] Sync loop End
2026-03-03 22:29:08 [DEBUG] ==============================================
2026-03-03 22:29:11 [DEBUG] Catalog: Check: Lokal=03.03.2026 22:20:33 | NAS=03.03.2026 22:20:33
2026-03-03 22:29:11 [DEBUG] Catalog: kein Unterschied
2026-03-03 22:29:11 [DEBUG] Backup: Checking
2026-03-03 22:29:11 [DEBUG] Backup: Pfad: E:\Lightroom_test/Backups <-> synology:Lightroom/Backups
2026-03-03 22:29:12 [DEBUG] Backup: Keine Änderungen gefunden
2026-03-03 22:29:12 [DEBUG] Backup: Check End
2026-03-03 22:29:12 [DEBUG] Sync loop End
2026-03-03 22:29:12 [DEBUG] ==============================================
2026-03-03 22:29:16 [DEBUG] Catalog: Check: Lokal=03.03.2026 22:20:33 | NAS=03.03.2026 22:20:33
2026-03-03 22:29:16 [DEBUG] Catalog: kein Unterschied
2026-03-03 22:29:16 [DEBUG] Backup: Checking
2026-03-03 22:29:16 [DEBUG] Backup: Pfad: E:\Lightroom_test/Backups <-> synology:Lightroom/Backups
2026-03-03 22:29:17 [DEBUG] Backup: Keine Änderungen gefunden
2026-03-03 22:29:17 [DEBUG] Backup: Check End
2026-03-03 22:29:17 [DEBUG] Sync loop End
2026-03-03 22:29:17 [DEBUG] ==============================================
2026-03-03 22:29:21 [DEBUG] Catalog: Check: Lokal=03.03.2026 22:20:33 | NAS=03.03.2026 22:20:33
2026-03-03 22:29:21 [DEBUG] Catalog: kein Unterschied
2026-03-03 22:29:21 [DEBUG] Backup: Checking
2026-03-03 22:29:21 [DEBUG] Backup: Pfad: E:\Lightroom_test/Backups <-> synology:Lightroom/Backups
2026-03-03 22:29:22 [DEBUG] Backup: Keine Änderungen gefunden
2026-03-03 22:29:22 [DEBUG] Backup: Check End
2026-03-03 22:29:22 [DEBUG] Sync loop End
2026-03-03 22:29:22 [DEBUG] ==============================================
2026-03-03 22:29:26 [DEBUG] Catalog: Check: Lokal=03.03.2026 22:20:33 | NAS=03.03.2026 22:20:33
2026-03-03 22:29:26 [DEBUG] Catalog: kein Unterschied
2026-03-03 22:29:26 [DEBUG] Backup: Checking
2026-03-03 22:29:26 [DEBUG] Backup: Pfad: E:\Lightroom_test/Backups <-> synology:Lightroom/Backups
2026-03-03 22:29:27 [DEBUG] Backup: Keine Änderungen gefunden
2026-03-03 22:29:27 [DEBUG] Backup: Check End
2026-03-03 22:29:27 [DEBUG] Sync loop End
2026-03-03 22:29:27 [DEBUG] ==============================================
2026-03-03 22:29:31 [DEBUG] Catalog: Check: Lokal=03.03.2026 22:20:33 | NAS=03.03.2026 22:20:33
2026-03-03 22:29:31 [DEBUG] Catalog: kein Unterschied
2026-03-03 22:29:31 [DEBUG] Backup: Checking
2026-03-03 22:29:31 [DEBUG] Backup: Pfad: E:\Lightroom_test/Backups <-> synology:Lightroom/Backups
2026-03-03 22:29:31 [DEBUG] DEBUG ERROR: '2026/03/03 22:29:31 ERROR : Bisync critical error: cannot find prior Path1 or Path2 listings, likely due to critical error on prior run'
2026-03-03 22:29:31 [DEBUG] DEBUG ERROR: '2026/03/03 22:29:31 ERROR : Bisync aborted. Must run --resync to recover.'
2026-03-03 22:29:31 [DEBUG] rclone: *.lck Files fehlen, Bisync abgebrochen, es muss --resync gestaret werden.
2026-03-03 22:29:31 [DEBUG] Backup: resync Start
2026-03-03 22:29:33 [DEBUG] Backup: resync End
2026-03-03 22:29:33 [DEBUG] Backup: Check End
2026-03-03 22:29:33 [DEBUG] Sync loop End
2026-03-03 22:29:33 [DEBUG] ==============================================
2026-03-03 22:29:36 [DEBUG] Catalog: Check: Lokal=03.03.2026 22:20:33 | NAS=03.03.2026 22:20:33
2026-03-03 22:29:36 [DEBUG] Catalog: kein Unterschied
2026-03-03 22:29:36 [DEBUG] Backup: Checking
2026-03-03 22:29:36 [DEBUG] Backup: Pfad: E:\Lightroom_test/Backups <-> synology:Lightroom/Backups
2026-03-03 22:29:37 [DEBUG] Backup: Keine Änderungen gefunden
2026-03-03 22:29:37 [DEBUG] Backup: Check End
2026-03-03 22:29:37 [DEBUG] Sync loop End
2026-03-03 22:29:37 [DEBUG] ==============================================
2026-03-03 22:29:41 [DEBUG] Catalog: Check: Lokal=03.03.2026 22:20:33 | NAS=03.03.2026 22:20:33
2026-03-03 22:29:41 [DEBUG] Catalog: kein Unterschied
2026-03-03 22:29:41 [DEBUG] Backup: Checking
2026-03-03 22:29:41 [DEBUG] Backup: Pfad: E:\Lightroom_test/Backups <-> synology:Lightroom/Backups
2026-03-03 22:29:42 [DEBUG] Backup: Keine Änderungen gefunden
2026-03-03 22:29:42 [DEBUG] Backup: Check End
2026-03-03 22:29:42 [DEBUG] Sync loop End
2026-03-03 22:29:42 [DEBUG] ==============================================
2026-03-03 22:29:46 [DEBUG] Catalog: Check: Lokal=03.03.2026 22:20:33 | NAS=03.03.2026 22:20:33
2026-03-03 22:29:46 [DEBUG] Catalog: kein Unterschied
2026-03-03 22:29:46 [DEBUG] Backup: Checking
2026-03-03 22:29:46 [DEBUG] Backup: Pfad: E:\Lightroom_test/Backups <-> synology:Lightroom/Backups
2026-03-03 22:29:47 [DEBUG] Backup: Änderungen gefunden
2026-03-03 22:29:47 [DEBUG] Backup: Check End
2026-03-03 22:29:47 [DEBUG] Backup: Sync Start
2026-03-03 22:29:48 [DEBUG] Backup: Pfad: E:\Lightroom_test/Backups <-> synology:Lightroom/Backups
2026-03-03 22:29:49 [DEBUG] rclone: 2026/03/03 22:29:48 INFO  : Backups/2026-01-18 1254 - Kopie/Lightroom-Katalog-v15.zip: Deleted
2026-03-03 22:29:49 [DEBUG] rclone: 2026/03/03 22:29:48 INFO  : Backups/2026-02-10 2105 - Kopie/Lightroom-Katalog-v15.zip: Deleted
2026-03-03 22:29:49 [DEBUG] rclone: Deleted:                2 (files), 2 (dirs), 4.487 GiB (freed)
2026-03-03 22:29:49 [DEBUG] Backup: Sync End
2026-03-03 22:29:49 [DEBUG] Backup: Check End
2026-03-03 22:29:49 [DEBUG] Sync loop End
2026-03-03 22:29:49 [DEBUG] ==============================================
2026-03-03 22:29:51 [DEBUG] Catalog: Check: Lokal=03.03.2026 22:20:33 | NAS=03.03.2026 22:20:33
2026-03-03 22:29:51 [DEBUG] Catalog: kein Unterschied
2026-03-03 22:29:51 [DEBUG] Backup: Checking
2026-03-03 22:29:51 [DEBUG] Backup: Pfad: E:\Lightroom_test/Backups <-> synology:Lightroom/Backups
2026-03-03 22:29:52 [DEBUG] Backup: Keine Änderungen gefunden
2026-03-03 22:29:52 [DEBUG] Backup: Check End
2026-03-03 22:29:52 [DEBUG] Sync loop End
2026-03-03 22:29:52 [DEBUG] ==============================================
2026-03-03 22:29:56 [DEBUG] Catalog: Check: Lokal=03.03.2026 22:20:33 | NAS=03.03.2026 22:20:33
2026-03-03 22:29:56 [DEBUG] Catalog: kein Unterschied
2026-03-03 22:29:56 [DEBUG] Backup: Checking
2026-03-03 22:29:56 [DEBUG] Backup: Pfad: E:\Lightroom_test/Backups <-> synology:Lightroom/Backups
2026-03-03 22:29:57 [DEBUG] Backup: Keine Änderungen gefunden
2026-03-03 22:29:57 [DEBUG] Backup: Check End
2026-03-03 22:29:57 [DEBUG] Sync loop End
2026-03-03 22:29:57 [DEBUG] ==============================================
2026-03-03 22:30:01 [DEBUG] Catalog: Check: Lokal=03.03.2026 22:20:33 | NAS=03.03.2026 22:20:33
2026-03-03 22:30:01 [DEBUG] Catalog: kein Unterschied
2026-03-03 22:30:01 [DEBUG] Backup: Checking
2026-03-03 22:30:01 [DEBUG] Backup: Pfad: E:\Lightroom_test/Backups <-> synology:Lightroom/Backups
2026-03-03 22:30:02 [DEBUG] Backup: Änderungen gefunden
2026-03-03 22:30:02 [DEBUG] Backup: Check End
2026-03-03 22:30:02 [DEBUG] Backup: Sync Start
2026-03-03 22:30:03 [DEBUG] Backup: Pfad: E:\Lightroom_test/Backups <-> synology:Lightroom/Backups
2026-03-03 22:30:04 [DEBUG] rclone: 2026/03/03 22:30:03 INFO  : Backups/Lightroog-v15.zip: Deleted
2026-03-03 22:30:04 [DEBUG] rclone: Deleted:                1 (files), 0 (dirs), 2.245 GiB (freed)
2026-03-03 22:30:04 [DEBUG] Backup: Sync End
2026-03-03 22:30:04 [DEBUG] Backup: Check End
2026-03-03 22:30:04 [DEBUG] Sync loop End
2026-03-03 22:30:04 [DEBUG] ==============================================
2026-03-03 22:30:06 [DEBUG] Catalog: Check: Lokal=03.03.2026 22:20:33 | NAS=03.03.2026 22:20:33
2026-03-03 22:30:06 [DEBUG] Catalog: kein Unterschied
2026-03-03 22:30:06 [DEBUG] Backup: Checking
2026-03-03 22:30:06 [DEBUG] Backup: Pfad: E:\Lightroom_test/Backups <-> synology:Lightroom/Backups
2026-03-03 22:30:07 [DEBUG] Backup: Keine Änderungen gefunden
2026-03-03 22:30:07 [DEBUG] Backup: Check End
2026-03-03 22:30:07 [DEBUG] Sync loop End
2026-03-03 22:30:07 [DEBUG] ==============================================
2026-03-03 22:30:11 [INFO] Lock erkannt
2026-03-03 22:30:31 [INFO] Lock entfernt - Sync wird fortgesetzt
2026-03-03 22:30:32 [DEBUG] Catalog: Check: Lokal=03.03.2026 22:30:28 | NAS=03.03.2026 22:20:33
2026-03-03 22:30:32 [DEBUG] Catalog: PC New -> Upload
2026-03-03 22:30:32 [DEBUG] Catalog: Sync Start
2026-03-03 22:30:32 [INFO] Catalog: upload Start
2026-03-03 22:30:51 [INFO] Catalog: upload complete
2026-03-03 22:30:51 [DEBUG] rclone: 2026/03/03 22:30:32 INFO  : Lightroom-Katalog-v15.lrcat-data/MANIFEST-004158: Copied (new)
2026-03-03 22:30:51 [DEBUG] rclone: 2026/03/03 22:30:32 INFO  : Lightroom-Katalog-v15.lrcat-data/004157.log: Copied (new)
2026-03-03 22:30:51 [DEBUG] rclone: 2026/03/03 22:30:32 INFO  : Lightroom-Katalog-v15.lrcat-data/OPTIONS-004160: Copied (new)
2026-03-03 22:30:51 [DEBUG] rclone: 2026/03/03 22:30:32 INFO  : Lightroom-Katalog-v15.lrcat-data/LOG.old.1772573412589790: Copied (new)
2026-03-03 22:30:51 [DEBUG] rclone: 2026/03/03 22:30:32 INFO  : Lightroom-Katalog-v15.lrcat-data/CURRENT: Copied (replaced existing)
2026-03-03 22:30:51 [DEBUG] rclone: 2026/03/03 22:30:32 INFO  : Lightroom-Katalog-v15.lrcat-data/LOCK: Copied (replaced existing)
2026-03-03 22:30:51 [DEBUG] rclone: 2026/03/03 22:30:32 INFO  : Lightroom-Katalog-v15.lrcat-data/LOG: Copied (replaced existing)
2026-03-03 22:30:51 [DEBUG] rclone: 2026/03/03 22:30:32 INFO  : Lightroom-Katalog-v15 Sync.lrdata/0599d3e4191040789de5b1bb43bef3c0/Managed Catalog.mcat-shm: Copied (replaced existing)
2026-03-03 22:30:51 [DEBUG] rclone: 2026/03/03 22:30:32 INFO  : Lightroom-Katalog-v15 Sync.lrdata/0599d3e4191040789de5b1bb43bef3c0/Managed Catalog.wfindex-shm: Copied (replaced existing)
2026-03-03 22:30:51 [DEBUG] rclone: 2026/03/03 22:30:32 INFO  : Lightroom-Katalog-v15 Helper.lrdata/helper.db: Copied (replaced existing)
2026-03-03 22:30:51 [DEBUG] rclone: 2026/03/03 22:30:32 INFO  : Lightroom-Katalog-v15 Sync.lrdata/0599d3e4191040789de5b1bb43bef3c0/Managed Catalog.wfindex-wal: Copied (replaced existing)
2026-03-03 22:30:51 [DEBUG] rclone: 2026/03/03 22:30:32 INFO  : Lightroom-Katalog-v15 Previews.lrdata/previews.db: Copied (replaced existing)
2026-03-03 22:30:51 [DEBUG] rclone: 2026/03/03 22:30:32 INFO  : Lightroom-Katalog-v15 Sync.lrdata/0599d3e4191040789de5b1bb43bef3c0/Managed Catalog.mcat-wal: Copied (replaced existing)
2026-03-03 22:30:51 [DEBUG] rclone: 2026/03/03 22:30:34 INFO  : Lightroom-Katalog-v15 Helper.lrdata/metadatahelper.db: Copied (replaced existing)
2026-03-03 22:30:51 [DEBUG] rclone: 2026/03/03 22:30:50 INFO  : Lightroom-Katalog-v15.lrcat: Multi-thread Copied (replaced existing)
2026-03-03 22:30:51 [DEBUG] rclone: 2026/03/03 22:30:50 INFO  : Lightroom-Katalog-v15.lrcat-data/LOG.old.1772563240145208: Deleted
2026-03-03 22:30:51 [DEBUG] rclone: 2026/03/03 22:30:50 INFO  : Lightroom-Katalog-v15.lrcat-data/OPTIONS-004152: Deleted
2026-03-03 22:30:51 [DEBUG] rclone: 2026/03/03 22:30:50 INFO  : Lightroom-Katalog-v15.lrcat-data/MANIFEST-004154: Deleted
2026-03-03 22:30:51 [DEBUG] rclone: 2026/03/03 22:30:50 INFO  : Lightroom-Katalog-v15.lrcat-data/004153.log: Deleted
2026-03-03 22:30:51 [DEBUG] rclone: Transferred:   	    4.456 GiB / 4.456 GiB, 100%, 251.386 MiB/s, ETA 0s
2026-03-03 22:30:51 [DEBUG] rclone: Deleted:                4 (files), 0 (dirs), 29.957 KiB (freed)
2026-03-03 22:30:51 [DEBUG] rclone: Transferred:           15 / 15, 100%
2026-03-03 22:30:51 [DEBUG] Catalog: Sync End
2026-03-03 22:30:51 [DEBUG] Backup: Checking
2026-03-03 22:30:51 [DEBUG] Backup: Pfad: E:\Lightroom_test/Backups <-> synology:Lightroom/Backups
2026-03-03 22:30:52 [DEBUG] Backup: Keine Änderungen gefunden
2026-03-03 22:30:52 [DEBUG] Backup: Check End
2026-03-03 22:30:52 [DEBUG] Sync loop End
2026-03-03 22:30:52 [DEBUG] ==============================================
2026-03-03 22:30:53 [DEBUG] Catalog: Check: Lokal=03.03.2026 22:30:28 | NAS=03.03.2026 22:30:28
2026-03-03 22:30:53 [DEBUG] Catalog: kein Unterschied
2026-03-03 22:30:53 [DEBUG] Backup: Checking
2026-03-03 22:30:53 [DEBUG] Backup: Pfad: E:\Lightroom_test/Backups <-> synology:Lightroom/Backups
2026-03-03 22:30:53 [DEBUG] Backup: Keine Änderungen gefunden
2026-03-03 22:30:53 [DEBUG] Backup: Check End
2026-03-03 22:30:53 [DEBUG] Sync loop End
2026-03-03 22:30:53 [DEBUG] ==============================================
2026-03-03 22:30:56 [DEBUG] Catalog: Check: Lokal=03.03.2026 22:30:28 | NAS=03.03.2026 22:30:28
2026-03-03 22:30:56 [DEBUG] Catalog: kein Unterschied
2026-03-03 22:30:56 [DEBUG] Backup: Checking
2026-03-03 22:30:56 [DEBUG] Backup: Pfad: E:\Lightroom_test/Backups <-> synology:Lightroom/Backups
2026-03-03 22:30:57 [DEBUG] Backup: Keine Änderungen gefunden
2026-03-03 22:30:57 [DEBUG] Backup: Check End
2026-03-03 22:30:57 [DEBUG] Sync loop End
2026-03-03 22:30:57 [DEBUG] ==============================================
2026-03-03 22:31:01 [DEBUG] Catalog: Check: Lokal=03.03.2026 22:30:28 | NAS=03.03.2026 22:30:28
2026-03-03 22:31:01 [DEBUG] Catalog: kein Unterschied
2026-03-03 22:31:01 [DEBUG] Backup: Checking
2026-03-03 22:31:01 [DEBUG] Backup: Pfad: E:\Lightroom_test/Backups <-> synology:Lightroom/Backups
2026-03-03 22:31:02 [DEBUG] Backup: Keine Änderungen gefunden
2026-03-03 22:31:02 [DEBUG] Backup: Check End
2026-03-03 22:31:02 [DEBUG] Sync loop End
2026-03-03 22:31:02 [DEBUG] ==============================================
2026-03-03 22:31:06 [DEBUG] Catalog: Check: Lokal=03.03.2026 22:30:28 | NAS=03.03.2026 22:30:28
2026-03-03 22:31:06 [DEBUG] Catalog: kein Unterschied
2026-03-03 22:31:06 [DEBUG] Backup: Checking
2026-03-03 22:31:06 [DEBUG] Backup: Pfad: E:\Lightroom_test/Backups <-> synology:Lightroom/Backups
2026-03-03 22:31:07 [DEBUG] Backup: Keine Änderungen gefunden
2026-03-03 22:31:07 [DEBUG] Backup: Check End
2026-03-03 22:31:07 [DEBUG] Sync loop End
2026-03-03 22:31:07 [DEBUG] ==============================================
2026-03-03 22:31:15 [WARN] NAS-Verbindung fehlgeschlagen
2026-03-03 22:31:20 [WARN] NAS-Verbindung fehlgeschlagen
2026-03-03 22:31:25 [WARN] NAS-Verbindung fehlgeschlagen
2026-03-03 22:31:30 [WARN] NAS-Verbindung fehlgeschlagen
2026-03-03 22:31:34 [DEBUG] Catalog: Check: Lokal=03.03.2026 22:30:28 | NAS=03.03.2026 22:30:28
2026-03-03 22:31:34 [DEBUG] Catalog: kein Unterschied
2026-03-03 22:31:34 [DEBUG] Backup: Checking
2026-03-03 22:31:34 [DEBUG] Backup: Pfad: E:\Lightroom_test/Backups <-> synology:Lightroom/Backups
2026-03-03 22:31:34 [DEBUG] Backup: Keine Änderungen gefunden
2026-03-03 22:31:34 [DEBUG] Backup: Check End
2026-03-03 22:31:34 [DEBUG] Sync loop End
2026-03-03 22:31:34 [DEBUG] ==============================================
2026-03-03 22:31:36 [DEBUG] Catalog: Check: Lokal=03.03.2026 22:30:28 | NAS=03.03.2026 22:30:28
2026-03-03 22:31:36 [DEBUG] Catalog: kein Unterschied
2026-03-03 22:31:36 [DEBUG] Backup: Checking
2026-03-03 22:31:36 [DEBUG] Backup: Pfad: E:\Lightroom_test/Backups <-> synology:Lightroom/Backups
2026-03-03 22:31:37 [DEBUG] Backup: Keine Änderungen gefunden
2026-03-03 22:31:37 [DEBUG] Backup: Check End
2026-03-03 22:31:37 [DEBUG] Sync loop End
2026-03-03 22:31:37 [DEBUG] ==============================================
2026-03-03 22:31:41 [DEBUG] Catalog: Check: Lokal=03.03.2026 22:30:28 | NAS=03.03.2026 22:30:28
2026-03-03 22:31:41 [DEBUG] Catalog: kein Unterschied
2026-03-03 22:31:41 [DEBUG] Backup: Checking
2026-03-03 22:31:41 [DEBUG] Backup: Pfad: E:\Lightroom_test/Backups <-> synology:Lightroom/Backups
2026-03-03 22:31:42 [DEBUG] Backup: Keine Änderungen gefunden
2026-03-03 22:31:42 [DEBUG] Backup: Check End
2026-03-03 22:31:42 [DEBUG] Sync loop End
2026-03-03 22:31:42 [DEBUG] ==============================================
2026-03-03 22:31:46 [DEBUG] Catalog: Check: Lokal=03.03.2026 22:30:28 | NAS=03.03.2026 22:30:28
2026-03-03 22:31:46 [DEBUG] Catalog: kein Unterschied
2026-03-03 22:31:46 [DEBUG] Backup: Checking
2026-03-03 22:31:46 [DEBUG] Backup: Pfad: E:\Lightroom_test/Backups <-> synology:Lightroom/Backups
2026-03-03 22:31:47 [DEBUG] Backup: Keine Änderungen gefunden
2026-03-03 22:31:47 [DEBUG] Backup: Check End
2026-03-03 22:31:47 [DEBUG] Sync loop End
2026-03-03 22:31:47 [DEBUG] ==============================================
2026-03-03 22:38:58 [INFO] === Lightroom Watcher gestartet ===
2026-03-03 22:39:00 [DEBUG] Catalog: Check: Lokal=03.03.2026 22:30:28 | NAS=03.03.2026 22:30:28
2026-03-03 22:39:00 [DEBUG] Catalog: kein Unterschied
2026-03-03 22:39:00 [DEBUG] Backup: Checking
2026-03-03 22:39:00 [DEBUG] Backup: Pfad: E:\Lightroom_test/Backups <-> synology:Lightroom/Backups
2026-03-03 22:39:00 [DEBUG] Backup: Keine Änderungen gefunden
2026-03-03 22:39:00 [DEBUG] Backup: Check End
2026-03-03 22:39:00 [DEBUG] Sync loop End
2026-03-03 22:39:00 [DEBUG] ==============================================
2026-03-03 22:39:00 [INFO] Lightroom Dummy-Prozess gestartet: PID=11984
2026-03-03 22:39:00 [INFO] Lock-Datei erstellt: E:\Lightroom_test\Lightroom-Katalog-v15.lrcat.lock
2026-03-03 22:39:10 [INFO] Lock-Datei gelöscht - Test abgeschlossen
2026-03-03 22:42:25 [INFO] === Lightroom Watcher gestartet ===
2026-03-03 22:42:27 [DEBUG] Catalog: Check: Lokal=03.03.2026 22:30:28 | NAS=03.03.2026 22:30:28
2026-03-03 22:42:27 [DEBUG] Catalog: kein Unterschied
2026-03-03 22:42:27 [DEBUG] Backup: Checking
2026-03-03 22:42:27 [DEBUG] Backup: Pfad: E:\Lightroom_test/Backups <-> synology:Lightroom/Backups
2026-03-03 22:42:27 [DEBUG] Backup: Keine Änderungen gefunden
2026-03-03 22:42:27 [DEBUG] Backup: Check End
2026-03-03 22:42:27 [DEBUG] Sync loop End
2026-03-03 22:42:27 [DEBUG] ==============================================
2026-03-03 22:42:35 [INFO] Dummy-Prozess gestartet: PID=24300
2026-03-03 22:42:35 [INFO] Lock-Datei erstellt: E:\Lightroom_test\Lightroom-Katalog-v15.lrcat.lock
2026-03-03 22:42:45 [INFO] Test abgeschlossen
2026-03-03 22:42:46 [DEBUG] Catalog: Check: Lokal=03.03.2026 22:30:28 | NAS=03.03.2026 22:30:28
2026-03-03 22:42:46 [DEBUG] Catalog: kein Unterschied
2026-03-03 22:42:46 [DEBUG] Backup: Checking
2026-03-03 22:42:46 [DEBUG] Backup: Pfad: E:\Lightroom_test/Backups <-> synology:Lightroom/Backups
2026-03-03 22:42:46 [DEBUG] Backup: Keine Änderungen gefunden
2026-03-03 22:42:46 [DEBUG] Backup: Check End
2026-03-03 22:42:46 [DEBUG] Sync loop End
2026-03-03 22:42:46 [DEBUG] ==============================================
2026-03-03 22:42:47 [DEBUG] Catalog: Check: Lokal=03.03.2026 22:30:28 | NAS=03.03.2026 22:30:28
2026-03-03 22:42:47 [DEBUG] Catalog: kein Unterschied
2026-03-03 22:42:47 [DEBUG] Backup: Checking
2026-03-03 22:42:47 [DEBUG] Backup: Pfad: E:\Lightroom_test/Backups <-> synology:Lightroom/Backups
2026-03-03 22:42:47 [DEBUG] Backup: Keine Änderungen gefunden
2026-03-03 22:42:47 [DEBUG] Backup: Check End
2026-03-03 22:42:47 [DEBUG] Sync loop End
2026-03-03 22:42:47 [DEBUG] ==============================================
2026-03-03 22:42:51 [DEBUG] Catalog: Check: Lokal=03.03.2026 22:30:28 | NAS=03.03.2026 22:30:28
2026-03-03 22:42:51 [DEBUG] Catalog: kein Unterschied
2026-03-03 22:42:51 [DEBUG] Backup: Checking
2026-03-03 22:42:51 [DEBUG] Backup: Pfad: E:\Lightroom_test/Backups <-> synology:Lightroom/Backups
2026-03-03 22:42:52 [DEBUG] Backup: Keine Änderungen gefunden
2026-03-03 22:42:52 [DEBUG] Backup: Check End
2026-03-03 22:42:52 [DEBUG] Sync loop End
2026-03-03 22:42:52 [DEBUG] ==============================================
2026-03-03 22:42:57 [DEBUG] Catalog: Check: Lokal=03.03.2026 22:30:28 | NAS=03.03.2026 22:30:28
2026-03-03 22:42:57 [DEBUG] Catalog: kein Unterschied
2026-03-03 22:42:57 [DEBUG] Backup: Checking
2026-03-03 22:42:57 [DEBUG] Backup: Pfad: E:\Lightroom_test/Backups <-> synology:Lightroom/Backups
2026-03-03 22:42:57 [DEBUG] Backup: Keine Änderungen gefunden
2026-03-03 22:42:57 [DEBUG] Backup: Check End
2026-03-03 22:42:57 [DEBUG] Sync loop End
2026-03-03 22:42:57 [DEBUG] ==============================================
2026-03-03 22:43:01 [DEBUG] Catalog: Check: Lokal=03.03.2026 22:30:28 | NAS=03.03.2026 22:30:28
2026-03-03 22:43:01 [DEBUG] Catalog: kein Unterschied
2026-03-03 22:43:01 [DEBUG] Backup: Checking
2026-03-03 22:43:01 [DEBUG] Backup: Pfad: E:\Lightroom_test/Backups <-> synology:Lightroom/Backups
2026-03-03 22:43:02 [DEBUG] Backup: Keine Änderungen gefunden
2026-03-03 22:43:02 [DEBUG] Backup: Check End
2026-03-03 22:43:02 [DEBUG] Sync loop End
2026-03-03 22:43:02 [DEBUG] ==============================================
2026-03-03 22:43:10 [INFO] === Lightroom Watcher gestartet ===
2026-03-03 22:43:11 [DEBUG] Catalog: Check: Lokal=03.03.2026 22:30:28 | NAS=03.03.2026 22:30:28
2026-03-03 22:43:11 [DEBUG] Catalog: kein Unterschied
2026-03-03 22:43:11 [DEBUG] Backup: Checking
2026-03-03 22:43:11 [DEBUG] Backup: Pfad: E:\Lightroom_test/Backups <-> synology:Lightroom/Backups
2026-03-03 22:43:11 [DEBUG] Backup: Keine Änderungen gefunden
2026-03-03 22:43:11 [DEBUG] Backup: Check End
2026-03-03 22:43:11 [DEBUG] Sync loop End
2026-03-03 22:43:11 [DEBUG] ==============================================
2026-03-03 22:43:18 [INFO] Dummy-Prozess gestartet: PID=34264
2026-03-03 22:43:18 [INFO] Lock-Datei erstellt: E:\Lightroom_test\Lightroom-Katalog-v15.lrcat.lock
