2026/03/03 22:43:11 INFO  : Setting --ignore-listing-checksum as neither --checksum nor --compare checksum are set.
2026/03/03 22:43:11 INFO  : Bisyncing with Comparison Settings: 
{
	"Modtime": true,
	"Size": true,
	"Checksum": false,
	"HashType1": 0,
	"HashType2": 0,
	"NoSlowHash": false,
	"SlowHashSyncOnly": false,
	"SlowHashDetected": true,
	"DownloadHash": false
}
2026/03/03 22:43:11 INFO  : Synching Path1 "E:\Lightroom_test\" with Path2 "synology:Lightroom/"
2026/03/03 22:43:11 INFO  : Building Path1 and Path2 listings
2026/03/03 22:43:11 INFO  : Path1 checking for diffs
2026/03/03 22:43:11 INFO  : Path2 checking for diffs
2026/03/03 22:43:11 INFO  : No changes found
2026/03/03 22:43:11 INFO  : Updating listings
2026/03/03 22:43:11 INFO  : Bisync successful
2026/03/03 22:43:11 NOTICE: 
Transferred:   	          0 B / 0 B, -, 0 B/s, ETA -
Checks:                22 / 22, 100%, Listed 54
Elapsed time:         0.1s

